{
  "stats": {
    "suites": 4,
    "tests": 23,
    "passes": 23,
    "pending": 0,
    "failures": 0,
    "start": "2022-08-21T18:34:44.921Z",
    "end": "2022-08-21T18:36:10.618Z",
    "duration": 58830,
    "testsRegistered": 23,
    "passPercent": 100,
    "pendingPercent": 0,
    "other": 0,
    "hasOther": false,
    "skipped": 0,
    "hasSkipped": false
  },
  "results": [
    {
      "uuid": "dc3faa3f-913f-409a-baf4-b1123b07096a",
      "title": "",
      "fullFile": "cypress\\e2e\\simpleBookApi.cy.js",
      "file": "cypress\\e2e\\simpleBookApi.cy.js",
      "beforeHooks": [],
      "afterHooks": [],
      "tests": [],
      "suites": [
        {
          "uuid": "09bba57b-bc68-4d20-9527-b3d8db8533b4",
          "title": "Open Simple Book api url and test http requests GET, POST, PATCH and DELETE",
          "fullFile": "",
          "file": "",
          "beforeHooks": [],
          "afterHooks": [],
          "tests": [
            {
              "title": "Open Simple Book api url and check response status code",
              "fullTitle": "Open Simple Book api url and test http requests GET, POST, PATCH and DELETE Open Simple Book api url and check response status code",
              "timedOut": null,
              "duration": 776,
              "state": "passed",
              "speed": "fast",
              "pass": true,
              "fail": false,
              "pending": false,
              "context": null,
              "code": "cy.request('https://simple-books-api.glitch.me/status').as('request');\ncy.get('@request').then(response => {\n  expect(response.status).to.be.equal(200);\n});",
              "err": {},
              "uuid": "9e388570-bf73-4361-ac0c-12f204755ace",
              "parentUUID": "09bba57b-bc68-4d20-9527-b3d8db8533b4",
              "isHook": false,
              "skipped": false
            },
            {
              "title": "Check the authentification is already made and is impossible to do again with the same email",
              "fullTitle": "Open Simple Book api url and test http requests GET, POST, PATCH and DELETE Check the authentification is already made and is impossible to do again with the same email",
              "timedOut": null,
              "duration": 178,
              "state": "passed",
              "speed": "fast",
              "pass": true,
              "fail": false,
              "pending": false,
              "context": null,
              "code": "cy.request({\n  method: 'POST',\n  url: 'https://simple-books-api.glitch.me/api-clients/',\n  failOnStatusCode: false,\n  body: {\n    clientName: \"ondra\",\n    clientEmail: \"me@mail.com\"\n  }\n}).as('authRequest');\ncy.get('@authRequest').then(response => {\n  expect(response.status).to.be.equal(409);\n  cy.wrap(response.body).should('deep.include', {\n    error: 'API client already registered. Try a different email.'\n  });\n});",
              "err": {},
              "uuid": "ba1c98e5-fa44-4ed7-b279-b51c19858018",
              "parentUUID": "09bba57b-bc68-4d20-9527-b3d8db8533b4",
              "isHook": false,
              "skipped": false
            },
            {
              "title": "Get list of all books from the api",
              "fullTitle": "Open Simple Book api url and test http requests GET, POST, PATCH and DELETE Get list of all books from the api",
              "timedOut": null,
              "duration": 180,
              "state": "passed",
              "speed": "fast",
              "pass": true,
              "fail": false,
              "pending": false,
              "context": null,
              "code": "cy.request('https://simple-books-api.glitch.me/books').as('booksRequest');\ncy.get('@booksRequest').then(response => {\n  expect(response.status).to.be.equal(200);\n  assert.isArray(response.body);\n  expect(response.body).have.length(6);\n});",
              "err": {},
              "uuid": "8b568dfb-691f-48a2-bc75-f6392e12c8eb",
              "parentUUID": "09bba57b-bc68-4d20-9527-b3d8db8533b4",
              "isHook": false,
              "skipped": false
            },
            {
              "title": "Filter the list of books from the api to non-fiction",
              "fullTitle": "Open Simple Book api url and test http requests GET, POST, PATCH and DELETE Filter the list of books from the api to non-fiction",
              "timedOut": null,
              "duration": 283,
              "state": "passed",
              "speed": "fast",
              "pass": true,
              "fail": false,
              "pending": false,
              "context": null,
              "code": "cy.request({\n  method: 'GET',\n  url: 'https://simple-books-api.glitch.me/books',\n  qs: {\n    type: 'non-fiction'\n  }\n}).as('nonFiction');\ncy.get('@nonFiction').then(response => {\n  expect(response.status).to.be.equal(200);\n  assert.isArray(response.body);\n  expect(response.body).have.length(2);\n  cy.wrap(response.body[0]).should('deep.include', {\n    id: 2,\n    name: \"Just as I Am\",\n    type: \"non-fiction\",\n    available: false\n  });\n  cy.wrap(response.body[1]).should('contain', {\n    available: true\n  });\n});",
              "err": {},
              "uuid": "037bb7de-db42-4785-8c18-1d816a89126e",
              "parentUUID": "09bba57b-bc68-4d20-9527-b3d8db8533b4",
              "isHook": false,
              "skipped": false
            },
            {
              "title": "Find one book with id \"5\" and check it is available",
              "fullTitle": "Open Simple Book api url and test http requests GET, POST, PATCH and DELETE Find one book with id \"5\" and check it is available",
              "timedOut": null,
              "duration": 194,
              "state": "passed",
              "speed": "fast",
              "pass": true,
              "fail": false,
              "pending": false,
              "context": null,
              "code": "cy.request({\n  method: 'GET',\n  url: `https://simple-books-api.glitch.me/books/${bookId}`\n}).as('singleBook');\ncy.get('@singleBook').then(response => {\n  expect(response.status).to.be.equal(200);\n  cy.wrap(response.body).should('deep.include', {\n    \"id\": 5,\n    \"name\": \"Untamed\",\n    \"author\": \"Glennon Doyle\",\n    \"type\": \"non-fiction\",\n    \"price\": 15.5,\n    \"current-stock\": 20,\n    \"available\": true\n  });\n});",
              "err": {},
              "uuid": "d7b6c5d0-d733-4a38-ad0d-6604f6794c8a",
              "parentUUID": "09bba57b-bc68-4d20-9527-b3d8db8533b4",
              "isHook": false,
              "skipped": false
            },
            {
              "title": "Order the book with id \"5\" and check it order number",
              "fullTitle": "Open Simple Book api url and test http requests GET, POST, PATCH and DELETE Order the book with id \"5\" and check it order number",
              "timedOut": null,
              "duration": 467,
              "state": "passed",
              "speed": "fast",
              "pass": true,
              "fail": false,
              "pending": false,
              "context": null,
              "code": "cy.request({\n  method: 'POST',\n  url: `https://simple-books-api.glitch.me/orders`,\n  auth: {\n    bearer: authToken\n  },\n  body: {\n    bookId: bookId,\n    clientName: \"Valentin\"\n  }\n}).as('order');\ncy.get('@order').then(response => {\n  expect(response.status).to.be.equal(201);\n  expect(response.body.created).to.be.true;\n  expect(response.body).to.include.key('orderId');\n  orderId = response.body.orderId;\n});",
              "err": {},
              "uuid": "21353a0f-079c-4252-976d-6a6dc0d04702",
              "parentUUID": "09bba57b-bc68-4d20-9527-b3d8db8533b4",
              "isHook": false,
              "skipped": false
            },
            {
              "title": "Check the order: undefined is existing",
              "fullTitle": "Open Simple Book api url and test http requests GET, POST, PATCH and DELETE Check the order: undefined is existing",
              "timedOut": null,
              "duration": 426,
              "state": "passed",
              "speed": "fast",
              "pass": true,
              "fail": false,
              "pending": false,
              "context": null,
              "code": "cy.request({\n  method: 'GET',\n  url: `https://simple-books-api.glitch.me/orders`,\n  auth: {\n    bearer: authToken\n  }\n}).as('order');\ncy.get('@order').then(response => {\n  expect(response.status).to.be.equal(200);\n  expect(response.body).to.have.length(1);\n  expect(response.body[0]).to.include.key('id', 'quantity');\n  expect(response.body[0].id).to.equal(orderId);\n  expect(response.body[0].quantity).to.equal(1);\n});",
              "err": {},
              "uuid": "8219f17f-be63-42d8-bda9-0eb767f6b80b",
              "parentUUID": "09bba57b-bc68-4d20-9527-b3d8db8533b4",
              "isHook": false,
              "skipped": false
            },
            {
              "title": "Change customers name in order: undefined using PATCH method and check the orders customer name is changed",
              "fullTitle": "Open Simple Book api url and test http requests GET, POST, PATCH and DELETE Change customers name in order: undefined using PATCH method and check the orders customer name is changed",
              "timedOut": null,
              "duration": 774,
              "state": "passed",
              "speed": "fast",
              "pass": true,
              "fail": false,
              "pending": false,
              "context": null,
              "code": "cy.request({\n  method: 'PATCH',\n  url: `https://simple-books-api.glitch.me/orders/${orderId}`,\n  auth: {\n    bearer: authToken\n  },\n  body: {\n    customerName: 'Val'\n  }\n}).as('order');\ncy.get('@order').then(response => {\n  expect(response.status).to.be.equal(204);\n});\ncy.request({\n  method: 'GET',\n  url: `https://simple-books-api.glitch.me/orders`,\n  auth: {\n    bearer: authToken\n  }\n}).as('order');\ncy.get('@order').then(response => {\n  expect(response.status).to.be.equal(200);\n  expect(response.body[0]).to.include.key('customerName');\n  expect(response.body[0].customerName).to.eql('Val');\n});",
              "err": {},
              "uuid": "77922ea9-2f00-4dea-bad0-b2cbcac3489a",
              "parentUUID": "09bba57b-bc68-4d20-9527-b3d8db8533b4",
              "isHook": false,
              "skipped": false
            },
            {
              "title": "Delete the order: undefined and check there are no active orders",
              "fullTitle": "Open Simple Book api url and test http requests GET, POST, PATCH and DELETE Delete the order: undefined and check there are no active orders",
              "timedOut": null,
              "duration": 872,
              "state": "passed",
              "speed": "fast",
              "pass": true,
              "fail": false,
              "pending": false,
              "context": null,
              "code": "cy.request({\n  method: 'DELETE',\n  url: `https://simple-books-api.glitch.me/orders/${orderId}`,\n  auth: {\n    bearer: authToken\n  }\n}).as('delOrder');\ncy.get('@delOrder').then(response => {\n  expect(response.status).to.be.equal(204);\n});\ncy.request({\n  method: 'GET',\n  url: `https://simple-books-api.glitch.me/orders`,\n  auth: {\n    bearer: authToken\n  }\n}).as('order');\ncy.get('@order').then(response => {\n  expect(response.status).to.be.equal(200);\n  expect(response.body).to.have.length(0);\n});",
              "err": {},
              "uuid": "6e1fe0ac-880a-4949-95b4-2db10065300b",
              "parentUUID": "09bba57b-bc68-4d20-9527-b3d8db8533b4",
              "isHook": false,
              "skipped": false
            }
          ],
          "suites": [],
          "passes": [
            "9e388570-bf73-4361-ac0c-12f204755ace",
            "ba1c98e5-fa44-4ed7-b279-b51c19858018",
            "8b568dfb-691f-48a2-bc75-f6392e12c8eb",
            "037bb7de-db42-4785-8c18-1d816a89126e",
            "d7b6c5d0-d733-4a38-ad0d-6604f6794c8a",
            "21353a0f-079c-4252-976d-6a6dc0d04702",
            "8219f17f-be63-42d8-bda9-0eb767f6b80b",
            "77922ea9-2f00-4dea-bad0-b2cbcac3489a",
            "6e1fe0ac-880a-4949-95b4-2db10065300b"
          ],
          "failures": [],
          "pending": [],
          "skipped": [],
          "duration": 4150,
          "root": false,
          "rootEmpty": false,
          "_timeout": 2000
        }
      ],
      "passes": [],
      "failures": [],
      "pending": [],
      "skipped": [],
      "duration": 0,
      "root": true,
      "rootEmpty": true,
      "_timeout": 2000
    },
    {
      "uuid": "f6faa51a-e229-4b7b-bf77-d8746539fa94",
      "title": "",
      "fullFile": "cypress\\e2e\\testJsonPlaceHolderApi.cy.js",
      "file": "cypress\\e2e\\testJsonPlaceHolderApi.cy.js",
      "beforeHooks": [],
      "afterHooks": [],
      "tests": [],
      "suites": [
        {
          "uuid": "f3ec1223-9fd6-4533-b6c0-cde86cdfced8",
          "title": "open api url and test",
          "fullFile": "",
          "file": "",
          "beforeHooks": [],
          "afterHooks": [],
          "tests": [
            {
              "title": "open api url and check response status code",
              "fullTitle": "open api url and test open api url and check response status code",
              "timedOut": null,
              "duration": 199,
              "state": "passed",
              "speed": "fast",
              "pass": true,
              "fail": false,
              "pending": false,
              "context": null,
              "code": "cy.request('https://jsonplaceholder.typicode.com/todos').as('todoRequest').its('body').should('have.length', 200);\ncy.get('@todoRequest').then(response => {\n  expect(response.status).to.be.equal(200);\n  assert.isArray(response.body, 'Todos response is an array');\n});",
              "err": {},
              "uuid": "3dcbb4ee-1b67-49d0-af92-73a1c3adea0c",
              "parentUUID": "f3ec1223-9fd6-4533-b6c0-cde86cdfced8",
              "isHook": false,
              "skipped": false
            },
            {
              "title": "Check post method status code",
              "fullTitle": "open api url and test Check post method status code",
              "timedOut": null,
              "duration": 95,
              "state": "passed",
              "speed": "fast",
              "pass": true,
              "fail": false,
              "pending": false,
              "context": null,
              "code": "cy.request('GET', 'https://jsonplaceholder.typicode.com/todos', {\n  title: \"eightdelectus aut autem\",\n  userId: 1\n}).as('todoRequest');\ncy.get('@todoRequest').then(response => {\n  expect(response.status).to.eq(200);\n});",
              "err": {},
              "uuid": "eacc2448-b0cc-48ab-ac5d-c5ad681bcaca",
              "parentUUID": "f3ec1223-9fd6-4533-b6c0-cde86cdfced8",
              "isHook": false,
              "skipped": false
            },
            {
              "title": "Check post method status code",
              "fullTitle": "open api url and test Check post method status code",
              "timedOut": null,
              "duration": 277,
              "state": "passed",
              "speed": "fast",
              "pass": true,
              "fail": false,
              "pending": false,
              "context": null,
              "code": "cy.request('POST', 'https://jsonplaceholder.typicode.com/todos', {\n  userId: \"11\",\n  title: 'My title',\n  completed: true\n}).as('todoRequest'); // adds new Todo item by defining Todo name\ncy.get('@todoRequest').then(response => {\n  expect(response.status).to.eq(201);\n  cy.wrap(response.body).should('deep.include', {\n    userId: '11',\n    id: 201,\n    title: 'My title',\n    completed: true\n  });\n});",
              "err": {},
              "uuid": "5ba81d19-5af8-416c-a54d-04216dd6a3ff",
              "parentUUID": "f3ec1223-9fd6-4533-b6c0-cde86cdfced8",
              "isHook": false,
              "skipped": false
            }
          ],
          "suites": [],
          "passes": [
            "3dcbb4ee-1b67-49d0-af92-73a1c3adea0c",
            "eacc2448-b0cc-48ab-ac5d-c5ad681bcaca",
            "5ba81d19-5af8-416c-a54d-04216dd6a3ff"
          ],
          "failures": [],
          "pending": [],
          "skipped": [],
          "duration": 571,
          "root": false,
          "rootEmpty": false,
          "_timeout": 2000
        }
      ],
      "passes": [],
      "failures": [],
      "pending": [],
      "skipped": [],
      "duration": 0,
      "root": true,
      "rootEmpty": true,
      "_timeout": 2000
    },
    {
      "uuid": "7f9ed10a-ac4a-4667-962e-239c2e2a4d0c",
      "title": "",
      "fullFile": "cypress\\e2e\\wikipedia.cy.js",
      "file": "cypress\\e2e\\wikipedia.cy.js",
      "beforeHooks": [],
      "afterHooks": [],
      "tests": [],
      "suites": [
        {
          "uuid": "364b28ab-9e20-4d8e-a763-f43a7bb9d994",
          "title": "Opens wikipedia website and search for Estación de Atocha-Cercanías page",
          "fullFile": "",
          "file": "",
          "beforeHooks": [],
          "afterHooks": [],
          "tests": [
            {
              "title": "Opens wikipedia website and check the language is Spanish",
              "fullTitle": "Opens wikipedia website and search for Estación de Atocha-Cercanías page Opens wikipedia website and check the language is Spanish",
              "timedOut": null,
              "duration": 3098,
              "state": "passed",
              "speed": "fast",
              "pass": true,
              "fail": false,
              "pending": false,
              "context": null,
              "code": "cy.visit('https://www.wikipedia.org/');\ncy.contains('Español');\ncy.get('#js-link-box-es').click();",
              "err": {},
              "uuid": "271fdfc6-b864-40fa-ab29-009f29349394",
              "parentUUID": "364b28ab-9e20-4d8e-a763-f43a7bb9d994",
              "isHook": false,
              "skipped": false
            },
            {
              "title": "Searches text \"atocha\" in Spanish Wikipedia",
              "fullTitle": "Opens wikipedia website and search for Estación de Atocha-Cercanías page Searches text \"atocha\" in Spanish Wikipedia",
              "timedOut": null,
              "duration": 1410,
              "state": "passed",
              "speed": "fast",
              "pass": true,
              "fail": false,
              "pending": false,
              "context": null,
              "code": "cy.get('#searchInput').type('atocha');\ncy.get('#searchButton').click();\ncy.url().should('include', 'https://es.wikipedia.org/wiki/Atocha');",
              "err": {},
              "uuid": "7fc1a6f8-c7e1-42ca-9326-2017b72409d6",
              "parentUUID": "364b28ab-9e20-4d8e-a763-f43a7bb9d994",
              "isHook": false,
              "skipped": false
            },
            {
              "title": "Selects \"Atocha-Cercanías\" link",
              "fullTitle": "Opens wikipedia website and search for Estación de Atocha-Cercanías page Selects \"Atocha-Cercanías\" link",
              "timedOut": null,
              "duration": 2196,
              "state": "passed",
              "speed": "fast",
              "pass": true,
              "fail": false,
              "pending": false,
              "context": null,
              "code": "cy.contains('Atocha');\ncy.get('a[title=\"Estación de Atocha-Cercanías\"]').eq(0).should('to.have.attr', 'href', '/wiki/Estaci%C3%B3n_de_Atocha-Cercan%C3%ADas').click({\n  multiple: true\n});",
              "err": {},
              "uuid": "bac338a4-b9c5-4ed8-ab2f-841a0e031317",
              "parentUUID": "364b28ab-9e20-4d8e-a763-f43a7bb9d994",
              "isHook": false,
              "skipped": false
            },
            {
              "title": "Check the image is present on the \"Atocha-Cercanias\" page",
              "fullTitle": "Opens wikipedia website and search for Estación de Atocha-Cercanías page Check the image is present on the \"Atocha-Cercanias\" page",
              "timedOut": null,
              "duration": 4462,
              "state": "passed",
              "speed": "fast",
              "pass": true,
              "fail": false,
              "pending": false,
              "context": null,
              "code": "cy.get('img[alt=\"Estación de Atocha (Madrid) 02.jpg\"]').should('be.visible');\ncy.screenshot('my-image');",
              "err": {},
              "uuid": "84179b1b-d08e-49f7-a636-b3abcc3308f8",
              "parentUUID": "364b28ab-9e20-4d8e-a763-f43a7bb9d994",
              "isHook": false,
              "skipped": false
            },
            {
              "title": "Checks the presence and contain of Situacion ferrovialia list on the page",
              "fullTitle": "Opens wikipedia website and search for Estación de Atocha-Cercanías page Checks the presence and contain of Situacion ferrovialia list on the page",
              "timedOut": null,
              "duration": 4102,
              "state": "passed",
              "speed": "fast",
              "pass": true,
              "fail": false,
              "pending": false,
              "context": null,
              "code": "cy.get('#mw-content-text  ul:nth-child(7) > li').should('exist').eq(0).should('to.contain.text', 'punto kilométrico 0,0.');\ncy.get('#mw-content-text  ul:nth-child(7) > li').eq(1).should('to.have.descendants', 'a');\ncy.get('#mw-content-text  ul:nth-child(7) > li').eq(2).should('contain', ', punto kilométrico 7,5.');\ncy.screenshot('my-image1');",
              "err": {},
              "uuid": "9c0eebc7-b2fd-4bc7-b54c-a7708b92aee5",
              "parentUUID": "364b28ab-9e20-4d8e-a763-f43a7bb9d994",
              "isHook": false,
              "skipped": false
            }
          ],
          "suites": [],
          "passes": [
            "271fdfc6-b864-40fa-ab29-009f29349394",
            "7fc1a6f8-c7e1-42ca-9326-2017b72409d6",
            "bac338a4-b9c5-4ed8-ab2f-841a0e031317",
            "84179b1b-d08e-49f7-a636-b3abcc3308f8",
            "9c0eebc7-b2fd-4bc7-b54c-a7708b92aee5"
          ],
          "failures": [],
          "pending": [],
          "skipped": [],
          "duration": 15268,
          "root": false,
          "rootEmpty": false,
          "_timeout": 2000
        }
      ],
      "passes": [],
      "failures": [],
      "pending": [],
      "skipped": [],
      "duration": 0,
      "root": true,
      "rootEmpty": true,
      "_timeout": 2000
    },
    {
      "uuid": "a2541932-7d35-4154-bac5-c668d8b66fa5",
      "title": "",
      "fullFile": "cypress\\e2e\\ebay.cy.js",
      "file": "cypress\\e2e\\ebay.cy.js",
      "beforeHooks": [],
      "afterHooks": [],
      "tests": [],
      "suites": [
        {
          "uuid": "08699197-e54b-44bf-ba6b-17377e9d7038",
          "title": "Opens ebay.es and searches for watches Suunto 9",
          "fullFile": "",
          "file": "",
          "beforeHooks": [],
          "afterHooks": [],
          "tests": [
            {
              "title": "Should open ebay.com",
              "fullTitle": "Opens ebay.es and searches for watches Suunto 9 Should open ebay.com",
              "timedOut": null,
              "duration": 4935,
              "state": "passed",
              "speed": "fast",
              "pass": true,
              "fail": false,
              "pending": false,
              "context": null,
              "code": "cy.visit('https://ebay.es');\ncy.title().should('eq', 'Comprar y Vender Electrónica, Moda, Móviles y mucho más | eBay');",
              "err": {},
              "uuid": "16015e0a-3292-46d9-a5a2-942500b86e2c",
              "parentUUID": "08699197-e54b-44bf-ba6b-17377e9d7038",
              "isHook": false,
              "skipped": false
            },
            {
              "title": "Should open \"Electronica\" link on ebay.com",
              "fullTitle": "Opens ebay.es and searches for watches Suunto 9 Should open \"Electronica\" link on ebay.com",
              "timedOut": null,
              "duration": 4957,
              "state": "passed",
              "speed": "fast",
              "pass": true,
              "fail": false,
              "pending": false,
              "context": null,
              "code": "cy.screenshot('Ebay');\ncy.get(\"#mainContent > div.hl-cat-nav > ul > li:nth-child(3) > a\").should('be.visible').click();",
              "err": {},
              "uuid": "9370fa00-0172-436e-913b-eb2c94b3d26e",
              "parentUUID": "08699197-e54b-44bf-ba6b-17377e9d7038",
              "isHook": false,
              "skipped": false
            },
            {
              "title": "Should open \"Relojes inteligentes\" link on ebay.com",
              "fullTitle": "Opens ebay.es and searches for watches Suunto 9 Should open \"Relojes inteligentes\" link on ebay.com",
              "timedOut": null,
              "duration": 3619,
              "state": "passed",
              "speed": "fast",
              "pass": true,
              "fail": false,
              "pending": false,
              "context": null,
              "code": "cy.screenshot('Ebay-Electroinca');\ncy.get(\"section.b-module.b-visualnav  a:nth-child(8)\").should('be.visible').click();",
              "err": {},
              "uuid": "2e5c64eb-19cd-4b14-bcc3-5aed2f869ab8",
              "parentUUID": "08699197-e54b-44bf-ba6b-17377e9d7038",
              "isHook": false,
              "skipped": false
            },
            {
              "title": "Should search for \"Suunto 9\" smartwatch on ebay.com",
              "fullTitle": "Opens ebay.es and searches for watches Suunto 9 Should search for \"Suunto 9\" smartwatch on ebay.com",
              "timedOut": null,
              "duration": 15691,
              "state": "passed",
              "speed": "slow",
              "pass": true,
              "fail": false,
              "pending": false,
              "context": null,
              "code": "cy.screenshot('Ebay-Electronica-Relojes');\ncy.url().should('include', '/b/Smartwatches/');\ncy.get('input.gh-tb.ui-autocomplete-input').type('Suunto 9');\ncy.get('#gh-btn').click();\ncy.screenshot('Suunto-9');\ncy.get(\"img[alt='Reloj deportivo - Suunto 9, Negro, Pulsómetro, Barómetro, 120 horas Autonomía']\").should('have.attr', 'src'); // cy.get('div.s-item__detail.s-item__detail--primary > span.s-item__price')\n//   .eq(1)\n//   .should('contain.text', '266,85 EUR')\ncy.get('#srp-river-results > ul > li:nth-child(1) > div > div.s-item__info.clearfix > a > h3').should('contain.text', 'Suunto 9');",
              "err": {},
              "uuid": "18a1a46b-97fe-48bc-9f81-c47d171b1319",
              "parentUUID": "08699197-e54b-44bf-ba6b-17377e9d7038",
              "isHook": false,
              "skipped": false
            },
            {
              "title": "Should search the \"Suunto 9 Negro\" smartwatch on ebay.com using checkbox",
              "fullTitle": "Opens ebay.es and searches for watches Suunto 9 Should search the \"Suunto 9 Negro\" smartwatch on ebay.com using checkbox",
              "timedOut": null,
              "duration": 3260,
              "state": "passed",
              "speed": "fast",
              "pass": true,
              "fail": false,
              "pending": false,
              "context": null,
              "code": "cy.get('input[aria-label=\"Negro\"]').should('exist').eq(0).check();",
              "err": {},
              "uuid": "d8c2af1a-c63f-43e4-8ae1-9791459bbb6b",
              "parentUUID": "08699197-e54b-44bf-ba6b-17377e9d7038",
              "isHook": false,
              "skipped": false
            },
            {
              "title": "Should check the existense of \"Suunto 9 Negro\" smartwatch on ebay.com",
              "fullTitle": "Opens ebay.es and searches for watches Suunto 9 Should check the existense of \"Suunto 9 Negro\" smartwatch on ebay.com",
              "timedOut": null,
              "duration": 6379,
              "state": "passed",
              "speed": "medium",
              "pass": true,
              "fail": false,
              "pending": false,
              "context": null,
              "code": "// cy.get('div.s-item__detail.s-item__detail--primary > span.s-item__price')\n//   .eq(1)\n//   .should('have.text', '369,00 EUR')\ncy.screenshot('Suunto-9-Negro');\ncy.get(\"img[alt='Reloj deportivo - Suunto 9, Negro, Pulsómetro, Barómetro, 120 horas Autonomía']\").should('have.attr', 'src');\ncy.get('#srp-river-results > ul > li:nth-child(2) > div > div.s-item__info.clearfix > a > h3').should('contain.text', 'Reloj deportivo - Suunto 9');",
              "err": {},
              "uuid": "46405fe3-484e-475a-bc4a-9e6564154be0",
              "parentUUID": "08699197-e54b-44bf-ba6b-17377e9d7038",
              "isHook": false,
              "skipped": false
            }
          ],
          "suites": [],
          "passes": [
            "16015e0a-3292-46d9-a5a2-942500b86e2c",
            "9370fa00-0172-436e-913b-eb2c94b3d26e",
            "2e5c64eb-19cd-4b14-bcc3-5aed2f869ab8",
            "18a1a46b-97fe-48bc-9f81-c47d171b1319",
            "d8c2af1a-c63f-43e4-8ae1-9791459bbb6b",
            "46405fe3-484e-475a-bc4a-9e6564154be0"
          ],
          "failures": [],
          "pending": [],
          "skipped": [],
          "duration": 38841,
          "root": false,
          "rootEmpty": false,
          "_timeout": 2000
        }
      ],
      "passes": [],
      "failures": [],
      "pending": [],
      "skipped": [],
      "duration": 0,
      "root": true,
      "rootEmpty": true,
      "_timeout": 2000
    }
  ],
  "meta": {
    "mocha": {
      "version": "7.0.1"
    },
    "mochawesome": {
      "options": {
        "quiet": false,
        "reportFilename": "mochawesome",
        "saveHtml": false,
        "saveJson": true,
        "consoleReporter": "spec",
        "useInlineDiffs": false,
        "code": true
      },
      "version": "7.1.3"
    },
    "marge": {
      "options": {
        "reportDir": "cypress/results",
        "overwrite": false,
        "html": false,
        "json": true
      },
      "version": "6.2.0"
    }
  }
}