{
  "stats": {
    "suites": 1,
    "tests": 5,
    "passes": 5,
    "pending": 0,
    "failures": 0,
    "start": "2022-08-07T18:18:45.070Z",
    "end": "2022-08-07T18:18:59.324Z",
    "duration": 14254,
    "testsRegistered": 5,
    "passPercent": 100,
    "pendingPercent": 0,
    "other": 0,
    "hasOther": false,
    "skipped": 0,
    "hasSkipped": false
  },
  "results": [
    {
      "uuid": "a735b9cf-2ced-4566-a9dc-bd0611501fa4",
      "title": "",
      "fullFile": "cypress\\e2e\\wikipedia.cy.js",
      "file": "cypress\\e2e\\wikipedia.cy.js",
      "beforeHooks": [],
      "afterHooks": [],
      "tests": [],
      "suites": [
        {
          "uuid": "f7b395ec-3711-4a91-b933-58cb68890595",
          "title": "Opens wikipedia website and search for Estación de Atocha-Cercanías page",
          "fullFile": "",
          "file": "",
          "beforeHooks": [],
          "afterHooks": [],
          "tests": [
            {
              "title": "Opens wikipedia website and check the language is Spanish",
              "fullTitle": "Opens wikipedia website and search for Estación de Atocha-Cercanías page Opens wikipedia website and check the language is Spanish",
              "timedOut": null,
              "duration": 2053,
              "state": "passed",
              "speed": "fast",
              "pass": true,
              "fail": false,
              "pending": false,
              "context": null,
              "code": "cy.visit('https://www.wikipedia.org/');\ncy.contains('Español');\ncy.get('#js-link-box-es').click();",
              "err": {},
              "uuid": "0e105e45-abde-4485-b58a-97ca665ec5ec",
              "parentUUID": "f7b395ec-3711-4a91-b933-58cb68890595",
              "isHook": false,
              "skipped": false
            },
            {
              "title": "Searches text \"atocha\" in Spanish Wikipedia",
              "fullTitle": "Opens wikipedia website and search for Estación de Atocha-Cercanías page Searches text \"atocha\" in Spanish Wikipedia",
              "timedOut": null,
              "duration": 1186,
              "state": "passed",
              "speed": "fast",
              "pass": true,
              "fail": false,
              "pending": false,
              "context": null,
              "code": "cy.get('#searchInput').type('atocha');\ncy.get('#searchButton').click();\ncy.url().should('include', 'https://es.wikipedia.org/wiki/Atocha');",
              "err": {},
              "uuid": "7f929135-901d-435c-a035-560d66580a91",
              "parentUUID": "f7b395ec-3711-4a91-b933-58cb68890595",
              "isHook": false,
              "skipped": false
            },
            {
              "title": "Selects \"Atocha-Cercanías\" link",
              "fullTitle": "Opens wikipedia website and search for Estación de Atocha-Cercanías page Selects \"Atocha-Cercanías\" link",
              "timedOut": null,
              "duration": 1820,
              "state": "passed",
              "speed": "fast",
              "pass": true,
              "fail": false,
              "pending": false,
              "context": null,
              "code": "cy.contains('Atocha');\ncy.get('a[title=\"Estación de Atocha-Cercanías\"]').eq(0).should('to.have.attr', 'href', '/wiki/Estaci%C3%B3n_de_Atocha-Cercan%C3%ADas').click({\n  multiple: true\n});",
              "err": {},
              "uuid": "cc66cb25-86a8-45e5-98e8-6630d33b282e",
              "parentUUID": "f7b395ec-3711-4a91-b933-58cb68890595",
              "isHook": false,
              "skipped": false
            },
            {
              "title": "Check the image is present on the \"Atocha-Cercanias\" page",
              "fullTitle": "Opens wikipedia website and search for Estación de Atocha-Cercanías page Check the image is present on the \"Atocha-Cercanias\" page",
              "timedOut": null,
              "duration": 3613,
              "state": "passed",
              "speed": "fast",
              "pass": true,
              "fail": false,
              "pending": false,
              "context": null,
              "code": "cy.get('img[alt=\"Estación de Atocha (Madrid) 02.jpg\"]').should('be.visible');\ncy.screenshot('my-image');",
              "err": {},
              "uuid": "9b15366a-9f3b-44db-8a0d-e36b6ba87a72",
              "parentUUID": "f7b395ec-3711-4a91-b933-58cb68890595",
              "isHook": false,
              "skipped": false
            },
            {
              "title": "Checks the presence and contain of Situacion ferrovialia list on the page",
              "fullTitle": "Opens wikipedia website and search for Estación de Atocha-Cercanías page Checks the presence and contain of Situacion ferrovialia list on the page",
              "timedOut": null,
              "duration": 3480,
              "state": "passed",
              "speed": "fast",
              "pass": true,
              "fail": false,
              "pending": false,
              "context": null,
              "code": "cy.get('#mw-content-text  ul:nth-child(7) > li').should('exist').eq(0).should('to.contain.text', 'punto kilométrico 0,0.');\ncy.get('#mw-content-text  ul:nth-child(7) > li').eq(1).should('to.have.descendants', 'a');\ncy.get('#mw-content-text  ul:nth-child(7) > li').eq(2).should('contain', ', punto kilométrico 7,5.');\ncy.screenshot('my-image1');",
              "err": {},
              "uuid": "38de1936-4c7b-4fe9-a699-0991b3f3528a",
              "parentUUID": "f7b395ec-3711-4a91-b933-58cb68890595",
              "isHook": false,
              "skipped": false
            }
          ],
          "suites": [],
          "passes": [
            "0e105e45-abde-4485-b58a-97ca665ec5ec",
            "7f929135-901d-435c-a035-560d66580a91",
            "cc66cb25-86a8-45e5-98e8-6630d33b282e",
            "9b15366a-9f3b-44db-8a0d-e36b6ba87a72",
            "38de1936-4c7b-4fe9-a699-0991b3f3528a"
          ],
          "failures": [],
          "pending": [],
          "skipped": [],
          "duration": 12152,
          "root": false,
          "rootEmpty": false,
          "_timeout": 2000
        }
      ],
      "passes": [],
      "failures": [],
      "pending": [],
      "skipped": [],
      "duration": 0,
      "root": true,
      "rootEmpty": true,
      "_timeout": 2000
    }
  ],
  "meta": {
    "mocha": {
      "version": "7.0.1"
    },
    "mochawesome": {
      "options": {
        "quiet": false,
        "reportFilename": "mochawesome",
        "saveHtml": false,
        "saveJson": true,
        "consoleReporter": "spec",
        "useInlineDiffs": false,
        "code": true
      },
      "version": "7.1.3"
    },
    "marge": {
      "options": {
        "reportDir": "cypress/results",
        "overwrite": false,
        "html": false,
        "json": true
      },
      "version": "6.2.0"
    }
  }
}