{
  "stats": {
    "suites": 1,
    "tests": 6,
    "passes": 6,
    "pending": 0,
    "failures": 0,
    "start": "2022-08-21T18:34:44.921Z",
    "end": "2022-08-21T18:35:30.382Z",
    "duration": 45461,
    "testsRegistered": 6,
    "passPercent": 100,
    "pendingPercent": 0,
    "other": 0,
    "hasOther": false,
    "skipped": 0,
    "hasSkipped": false
  },
  "results": [
    {
      "uuid": "a2541932-7d35-4154-bac5-c668d8b66fa5",
      "title": "",
      "fullFile": "cypress\\e2e\\ebay.cy.js",
      "file": "cypress\\e2e\\ebay.cy.js",
      "beforeHooks": [],
      "afterHooks": [],
      "tests": [],
      "suites": [
        {
          "uuid": "08699197-e54b-44bf-ba6b-17377e9d7038",
          "title": "Opens ebay.es and searches for watches Suunto 9",
          "fullFile": "",
          "file": "",
          "beforeHooks": [],
          "afterHooks": [],
          "tests": [
            {
              "title": "Should open ebay.com",
              "fullTitle": "Opens ebay.es and searches for watches Suunto 9 Should open ebay.com",
              "timedOut": null,
              "duration": 4935,
              "state": "passed",
              "speed": "fast",
              "pass": true,
              "fail": false,
              "pending": false,
              "context": null,
              "code": "cy.visit('https://ebay.es');\ncy.title().should('eq', 'Comprar y Vender Electrónica, Moda, Móviles y mucho más | eBay');",
              "err": {},
              "uuid": "16015e0a-3292-46d9-a5a2-942500b86e2c",
              "parentUUID": "08699197-e54b-44bf-ba6b-17377e9d7038",
              "isHook": false,
              "skipped": false
            },
            {
              "title": "Should open \"Electronica\" link on ebay.com",
              "fullTitle": "Opens ebay.es and searches for watches Suunto 9 Should open \"Electronica\" link on ebay.com",
              "timedOut": null,
              "duration": 4957,
              "state": "passed",
              "speed": "fast",
              "pass": true,
              "fail": false,
              "pending": false,
              "context": null,
              "code": "cy.screenshot('Ebay');\ncy.get(\"#mainContent > div.hl-cat-nav > ul > li:nth-child(3) > a\").should('be.visible').click();",
              "err": {},
              "uuid": "9370fa00-0172-436e-913b-eb2c94b3d26e",
              "parentUUID": "08699197-e54b-44bf-ba6b-17377e9d7038",
              "isHook": false,
              "skipped": false
            },
            {
              "title": "Should open \"Relojes inteligentes\" link on ebay.com",
              "fullTitle": "Opens ebay.es and searches for watches Suunto 9 Should open \"Relojes inteligentes\" link on ebay.com",
              "timedOut": null,
              "duration": 3619,
              "state": "passed",
              "speed": "fast",
              "pass": true,
              "fail": false,
              "pending": false,
              "context": null,
              "code": "cy.screenshot('Ebay-Electroinca');\ncy.get(\"section.b-module.b-visualnav  a:nth-child(8)\").should('be.visible').click();",
              "err": {},
              "uuid": "2e5c64eb-19cd-4b14-bcc3-5aed2f869ab8",
              "parentUUID": "08699197-e54b-44bf-ba6b-17377e9d7038",
              "isHook": false,
              "skipped": false
            },
            {
              "title": "Should search for \"Suunto 9\" smartwatch on ebay.com",
              "fullTitle": "Opens ebay.es and searches for watches Suunto 9 Should search for \"Suunto 9\" smartwatch on ebay.com",
              "timedOut": null,
              "duration": 15691,
              "state": "passed",
              "speed": "slow",
              "pass": true,
              "fail": false,
              "pending": false,
              "context": null,
              "code": "cy.screenshot('Ebay-Electronica-Relojes');\ncy.url().should('include', '/b/Smartwatches/');\ncy.get('input.gh-tb.ui-autocomplete-input').type('Suunto 9');\ncy.get('#gh-btn').click();\ncy.screenshot('Suunto-9');\ncy.get(\"img[alt='Reloj deportivo - Suunto 9, Negro, Pulsómetro, Barómetro, 120 horas Autonomía']\").should('have.attr', 'src'); // cy.get('div.s-item__detail.s-item__detail--primary > span.s-item__price')\n//   .eq(1)\n//   .should('contain.text', '266,85 EUR')\ncy.get('#srp-river-results > ul > li:nth-child(1) > div > div.s-item__info.clearfix > a > h3').should('contain.text', 'Suunto 9');",
              "err": {},
              "uuid": "18a1a46b-97fe-48bc-9f81-c47d171b1319",
              "parentUUID": "08699197-e54b-44bf-ba6b-17377e9d7038",
              "isHook": false,
              "skipped": false
            },
            {
              "title": "Should search the \"Suunto 9 Negro\" smartwatch on ebay.com using checkbox",
              "fullTitle": "Opens ebay.es and searches for watches Suunto 9 Should search the \"Suunto 9 Negro\" smartwatch on ebay.com using checkbox",
              "timedOut": null,
              "duration": 3260,
              "state": "passed",
              "speed": "fast",
              "pass": true,
              "fail": false,
              "pending": false,
              "context": null,
              "code": "cy.get('input[aria-label=\"Negro\"]').should('exist').eq(0).check();",
              "err": {},
              "uuid": "d8c2af1a-c63f-43e4-8ae1-9791459bbb6b",
              "parentUUID": "08699197-e54b-44bf-ba6b-17377e9d7038",
              "isHook": false,
              "skipped": false
            },
            {
              "title": "Should check the existense of \"Suunto 9 Negro\" smartwatch on ebay.com",
              "fullTitle": "Opens ebay.es and searches for watches Suunto 9 Should check the existense of \"Suunto 9 Negro\" smartwatch on ebay.com",
              "timedOut": null,
              "duration": 6379,
              "state": "passed",
              "speed": "medium",
              "pass": true,
              "fail": false,
              "pending": false,
              "context": null,
              "code": "// cy.get('div.s-item__detail.s-item__detail--primary > span.s-item__price')\n//   .eq(1)\n//   .should('have.text', '369,00 EUR')\ncy.screenshot('Suunto-9-Negro');\ncy.get(\"img[alt='Reloj deportivo - Suunto 9, Negro, Pulsómetro, Barómetro, 120 horas Autonomía']\").should('have.attr', 'src');\ncy.get('#srp-river-results > ul > li:nth-child(2) > div > div.s-item__info.clearfix > a > h3').should('contain.text', 'Reloj deportivo - Suunto 9');",
              "err": {},
              "uuid": "46405fe3-484e-475a-bc4a-9e6564154be0",
              "parentUUID": "08699197-e54b-44bf-ba6b-17377e9d7038",
              "isHook": false,
              "skipped": false
            }
          ],
          "suites": [],
          "passes": [
            "16015e0a-3292-46d9-a5a2-942500b86e2c",
            "9370fa00-0172-436e-913b-eb2c94b3d26e",
            "2e5c64eb-19cd-4b14-bcc3-5aed2f869ab8",
            "18a1a46b-97fe-48bc-9f81-c47d171b1319",
            "d8c2af1a-c63f-43e4-8ae1-9791459bbb6b",
            "46405fe3-484e-475a-bc4a-9e6564154be0"
          ],
          "failures": [],
          "pending": [],
          "skipped": [],
          "duration": 38841,
          "root": false,
          "rootEmpty": false,
          "_timeout": 2000
        }
      ],
      "passes": [],
      "failures": [],
      "pending": [],
      "skipped": [],
      "duration": 0,
      "root": true,
      "rootEmpty": true,
      "_timeout": 2000
    }
  ],
  "meta": {
    "mocha": {
      "version": "7.0.1"
    },
    "mochawesome": {
      "options": {
        "quiet": false,
        "reportFilename": "mochawesome",
        "saveHtml": false,
        "saveJson": true,
        "consoleReporter": "spec",
        "useInlineDiffs": false,
        "code": true
      },
      "version": "7.1.3"
    },
    "marge": {
      "options": {
        "reportDir": "cypress/results",
        "overwrite": false,
        "html": false,
        "json": true
      },
      "version": "6.2.0"
    }
  }
}