{
  "stats": {
    "suites": 1,
    "tests": 6,
    "passes": 4,
    "pending": 0,
    "failures": 2,
    "start": "2022-09-01T20:07:21.316Z",
    "end": "2022-09-01T20:08:15.882Z",
    "duration": 54566,
    "testsRegistered": 6,
    "passPercent": 66.66666666666666,
    "pendingPercent": 0,
    "other": 0,
    "hasOther": false,
    "skipped": 0,
    "hasSkipped": false
  },
  "results": [
    {
      "uuid": "40cb9fb5-689d-4507-adc5-65dfa1a02297",
      "title": "",
      "fullFile": "cypress\\e2e\\ebay.cy.js",
      "file": "cypress\\e2e\\ebay.cy.js",
      "beforeHooks": [],
      "afterHooks": [],
      "tests": [],
      "suites": [
        {
          "uuid": "35b0f985-19a5-4b62-ab8b-e97e91c9fd0f",
          "title": "Opens ebay.es and searches for watches Suunto 9",
          "fullFile": "",
          "file": "",
          "beforeHooks": [],
          "afterHooks": [],
          "tests": [
            {
              "title": "Should open ebay.com",
              "fullTitle": "Opens ebay.es and searches for watches Suunto 9 Should open ebay.com",
              "timedOut": null,
              "duration": 4186,
              "state": "passed",
              "speed": "fast",
              "pass": true,
              "fail": false,
              "pending": false,
              "context": null,
              "code": "cy.visit('https://ebay.es');\ncy.title().should('eq', 'Comprar y Vender Electrónica, Moda, Móviles y mucho más | eBay');",
              "err": {},
              "uuid": "a9e914bb-e952-4c6a-a593-e32a3471c4ad",
              "parentUUID": "35b0f985-19a5-4b62-ab8b-e97e91c9fd0f",
              "isHook": false,
              "skipped": false
            },
            {
              "title": "Should open \"Electronica\" link on ebay.com",
              "fullTitle": "Opens ebay.es and searches for watches Suunto 9 Should open \"Electronica\" link on ebay.com",
              "timedOut": null,
              "duration": 5421,
              "state": "passed",
              "speed": "medium",
              "pass": true,
              "fail": false,
              "pending": false,
              "context": null,
              "code": "cy.screenshot('Ebay');\ncy.get(\"#mainContent > div.hl-cat-nav > ul > li:nth-child(3) > a\").should('be.visible').click();",
              "err": {},
              "uuid": "4d8dbfc2-41cf-486b-807c-0ea706b75e96",
              "parentUUID": "35b0f985-19a5-4b62-ab8b-e97e91c9fd0f",
              "isHook": false,
              "skipped": false
            },
            {
              "title": "Should open \"Relojes inteligentes\" link on ebay.com",
              "fullTitle": "Opens ebay.es and searches for watches Suunto 9 Should open \"Relojes inteligentes\" link on ebay.com",
              "timedOut": null,
              "duration": 4404,
              "state": "passed",
              "speed": "fast",
              "pass": true,
              "fail": false,
              "pending": false,
              "context": null,
              "code": "cy.screenshot('Ebay-Electroinca');\ncy.get(\"section.b-module.b-visualnav  a:nth-child(8)\").should('be.visible').click();",
              "err": {},
              "uuid": "63e0f00a-5c18-40e3-a0f7-e125c69c96c5",
              "parentUUID": "35b0f985-19a5-4b62-ab8b-e97e91c9fd0f",
              "isHook": false,
              "skipped": false
            },
            {
              "title": "Should search for \"Suunto 9\" smartwatch on ebay.com",
              "fullTitle": "Opens ebay.es and searches for watches Suunto 9 Should search for \"Suunto 9\" smartwatch on ebay.com",
              "timedOut": null,
              "duration": 20856,
              "state": "failed",
              "speed": null,
              "pass": false,
              "fail": true,
              "pending": false,
              "context": null,
              "code": "cy.screenshot('Ebay-Electronica-Relojes');\ncy.url().should('include', '/b/Smartwatches/');\ncy.get('input.gh-tb.ui-autocomplete-input').type('Suunto 9');\ncy.get('#gh-btn').click();\ncy.screenshot('Suunto-9');\ncy.get(\"img[alt='Reloj deportivo - Suunto 9, Negro, Pulsómetro, Barómetro, 120 horas Autonomía']\").should('have.attr', 'src'); // cy.get('div.s-item__detail.s-item__detail--primary > span.s-item__price')\n//   .eq(1)\n//   .should('contain.text', '266,85 EUR')\ncy.get('#srp-river-results > ul > li:nth-child(1) > div > div.s-item__info.clearfix > a > h3').should('contain.text', 'Suunto 9');",
              "err": {
                "message": "AssertionError: Timed out retrying after 4000ms: Expected to find element: `#srp-river-results > ul > li:nth-child(1) > div > div.s-item__info.clearfix > a > h3`, but never found it.",
                "estack": "AssertionError: Timed out retrying after 4000ms: Expected to find element: `#srp-river-results > ul > li:nth-child(1) > div > div.s-item__info.clearfix > a > h3`, but never found it.\n    at Context.eval (https://www.ebay.es/__cypress/tests?p=cypress\\e2e\\ebay.cy.js:122:100)",
                "diff": null
              },
              "uuid": "c350b1ad-3452-402f-9c7b-7b5dc4005ffb",
              "parentUUID": "35b0f985-19a5-4b62-ab8b-e97e91c9fd0f",
              "isHook": false,
              "skipped": false
            },
            {
              "title": "Should search the \"Suunto 9 Negro\" smartwatch on ebay.com using checkbox",
              "fullTitle": "Opens ebay.es and searches for watches Suunto 9 Should search the \"Suunto 9 Negro\" smartwatch on ebay.com using checkbox",
              "timedOut": null,
              "duration": 2804,
              "state": "passed",
              "speed": "fast",
              "pass": true,
              "fail": false,
              "pending": false,
              "context": null,
              "code": "cy.get('input[aria-label=\"Negro\"]').should('exist').eq(0).check();",
              "err": {},
              "uuid": "86a274d8-e2c6-4c38-8e62-2f9107fd952c",
              "parentUUID": "35b0f985-19a5-4b62-ab8b-e97e91c9fd0f",
              "isHook": false,
              "skipped": false
            },
            {
              "title": "Should check the existense of \"Suunto 9 Negro\" smartwatch on ebay.com",
              "fullTitle": "Opens ebay.es and searches for watches Suunto 9 Should check the existense of \"Suunto 9 Negro\" smartwatch on ebay.com",
              "timedOut": null,
              "duration": 11744,
              "state": "failed",
              "speed": null,
              "pass": false,
              "fail": true,
              "pending": false,
              "context": null,
              "code": "// cy.get('div.s-item__detail.s-item__detail--primary > span.s-item__price')\n//   .eq(1)\n//   .should('have.text', '369,00 EUR')\ncy.screenshot('Suunto-9-Negro');\ncy.get(\"img[alt='Reloj deportivo - Suunto 9, Negro, Pulsómetro, Barómetro, 120 horas Autonomía']\").should('have.attr', 'src');\ncy.get('#srp-river-results > ul > li:nth-child(2) > div > div.s-item__info.clearfix > a > h3').should('contain.text', 'Reloj deportivo - Suunto 9');",
              "err": {
                "message": "AssertionError: Timed out retrying after 4000ms: Expected to find element: `#srp-river-results > ul > li:nth-child(2) > div > div.s-item__info.clearfix > a > h3`, but never found it.",
                "estack": "AssertionError: Timed out retrying after 4000ms: Expected to find element: `#srp-river-results > ul > li:nth-child(2) > div > div.s-item__info.clearfix > a > h3`, but never found it.\n    at Context.eval (https://www.ebay.es/__cypress/tests?p=cypress\\e2e\\ebay.cy.js:133:100)",
                "diff": null
              },
              "uuid": "6636e4cc-8d7e-466a-aac5-571bd898904d",
              "parentUUID": "35b0f985-19a5-4b62-ab8b-e97e91c9fd0f",
              "isHook": false,
              "skipped": false
            }
          ],
          "suites": [],
          "passes": [
            "a9e914bb-e952-4c6a-a593-e32a3471c4ad",
            "4d8dbfc2-41cf-486b-807c-0ea706b75e96",
            "63e0f00a-5c18-40e3-a0f7-e125c69c96c5",
            "86a274d8-e2c6-4c38-8e62-2f9107fd952c"
          ],
          "failures": [
            "c350b1ad-3452-402f-9c7b-7b5dc4005ffb",
            "6636e4cc-8d7e-466a-aac5-571bd898904d"
          ],
          "pending": [],
          "skipped": [],
          "duration": 49415,
          "root": false,
          "rootEmpty": false,
          "_timeout": 2000
        }
      ],
      "passes": [],
      "failures": [],
      "pending": [],
      "skipped": [],
      "duration": 0,
      "root": true,
      "rootEmpty": true,
      "_timeout": 2000
    }
  ],
  "meta": {
    "mocha": {
      "version": "7.0.1"
    },
    "mochawesome": {
      "options": {
        "quiet": false,
        "reportFilename": "mochawesome",
        "saveHtml": false,
        "saveJson": true,
        "consoleReporter": "spec",
        "useInlineDiffs": false,
        "code": true
      },
      "version": "7.1.3"
    },
    "marge": {
      "options": {
        "reportDir": "cypress/results",
        "overwrite": false,
        "html": false,
        "json": true
      },
      "version": "6.2.0"
    }
  }
}