{
  "stats": {
    "suites": 1,
    "tests": 6,
    "passes": 6,
    "pending": 0,
    "failures": 0,
    "start": "2022-09-02T16:21:50.920Z",
    "end": "2022-09-02T16:22:22.050Z",
    "duration": 31130,
    "testsRegistered": 6,
    "passPercent": 100,
    "pendingPercent": 0,
    "other": 0,
    "hasOther": false,
    "skipped": 0,
    "hasSkipped": false
  },
  "results": [
    {
      "uuid": "9f6b2a7c-9acc-4729-b735-bf5277d8fa88",
      "title": "",
      "fullFile": "cypress\\e2e\\ebay.cy.js",
      "file": "cypress\\e2e\\ebay.cy.js",
      "beforeHooks": [],
      "afterHooks": [],
      "tests": [],
      "suites": [
        {
          "uuid": "7ed0b642-adf7-4e8f-abc5-5370a1234589",
          "title": "Opens ebay.es and searches for watches Suunto 9",
          "fullFile": "",
          "file": "",
          "beforeHooks": [],
          "afterHooks": [],
          "tests": [
            {
              "title": "Should open ebay.com",
              "fullTitle": "Opens ebay.es and searches for watches Suunto 9 Should open ebay.com",
              "timedOut": null,
              "duration": 3932,
              "state": "passed",
              "speed": "fast",
              "pass": true,
              "fail": false,
              "pending": false,
              "context": null,
              "code": "cy.visit('https://ebay.es');\ncy.title().should('eq', 'Comprar y Vender Electrónica, Moda, Móviles y mucho más | eBay');",
              "err": {},
              "uuid": "f19c5c31-47a6-4d54-b9c3-8d7a4dd36021",
              "parentUUID": "7ed0b642-adf7-4e8f-abc5-5370a1234589",
              "isHook": false,
              "skipped": false
            },
            {
              "title": "Should open \"Electronica\" link on ebay.com",
              "fullTitle": "Opens ebay.es and searches for watches Suunto 9 Should open \"Electronica\" link on ebay.com",
              "timedOut": null,
              "duration": 2476,
              "state": "passed",
              "speed": "fast",
              "pass": true,
              "fail": false,
              "pending": false,
              "context": null,
              "code": "cy.get(\"#mainContent > div.hl-cat-nav > ul > li:nth-child(3) > a\").should('be.visible').click();",
              "err": {},
              "uuid": "07b6c142-227c-4f1b-89be-6d8827535b35",
              "parentUUID": "7ed0b642-adf7-4e8f-abc5-5370a1234589",
              "isHook": false,
              "skipped": false
            },
            {
              "title": "Should open \"Relojes inteligentes\" link on ebay.com",
              "fullTitle": "Opens ebay.es and searches for watches Suunto 9 Should open \"Relojes inteligentes\" link on ebay.com",
              "timedOut": null,
              "duration": 2392,
              "state": "passed",
              "speed": "fast",
              "pass": true,
              "fail": false,
              "pending": false,
              "context": null,
              "code": "cy.get(\"section.b-module.b-visualnav  a:nth-child(8)\").should('be.visible').click();",
              "err": {},
              "uuid": "6a258b49-231f-4d09-91a6-fe5facd48090",
              "parentUUID": "7ed0b642-adf7-4e8f-abc5-5370a1234589",
              "isHook": false,
              "skipped": false
            },
            {
              "title": "Should search for \"Suunto 9\" smartwatch on ebay.com",
              "fullTitle": "Opens ebay.es and searches for watches Suunto 9 Should search for \"Suunto 9\" smartwatch on ebay.com",
              "timedOut": null,
              "duration": 3336,
              "state": "passed",
              "speed": "fast",
              "pass": true,
              "fail": false,
              "pending": false,
              "context": null,
              "code": "cy.url().should('include', '/b/Smartwatches/');\ncy.get('input.gh-tb.ui-autocomplete-input').type('Suunto 9');\ncy.get('#gh-btn').click();\ncy.get(\"img[alt='Reloj deportivo - Suunto 9, Negro, Pulsómetro, Barómetro, 120 horas Autonomía']\").should('have.attr', 'src');\ncy.contains(/Reloj deportivo - Suunto 9/i).should('exist').should('contain.text', 'Reloj deportivo').and('have.attr', 'href');",
              "err": {},
              "uuid": "c21b77d5-0c1e-412b-b46e-6e913626ba68",
              "parentUUID": "7ed0b642-adf7-4e8f-abc5-5370a1234589",
              "isHook": false,
              "skipped": false
            },
            {
              "title": "Should search the \"Suunto 9 Negro\" smartwatch on ebay.com using checkbox",
              "fullTitle": "Opens ebay.es and searches for watches Suunto 9 Should search the \"Suunto 9 Negro\" smartwatch on ebay.com using checkbox",
              "timedOut": null,
              "duration": 2910,
              "state": "passed",
              "speed": "fast",
              "pass": true,
              "fail": false,
              "pending": false,
              "context": null,
              "code": "cy.get('input[aria-label=\"Negro\"]').should('exist').eq(0).check();",
              "err": {},
              "uuid": "8d0fc82f-a441-45f6-83d3-05441c71dc99",
              "parentUUID": "7ed0b642-adf7-4e8f-abc5-5370a1234589",
              "isHook": false,
              "skipped": false
            },
            {
              "title": "Should check the existense of \"Suunto 9 Negro\" smartwatch on ebay.com",
              "fullTitle": "Opens ebay.es and searches for watches Suunto 9 Should check the existense of \"Suunto 9 Negro\" smartwatch on ebay.com",
              "timedOut": null,
              "duration": 7352,
              "state": "passed",
              "speed": "medium",
              "pass": true,
              "fail": false,
              "pending": false,
              "context": null,
              "code": "cy.get(\"img[class='s-item__image-img']\").eq(2).should('have.attr', 'src');\ncy.get('span[aria-level=\"3\"]').eq(1).should('contain.text', 'Reloj deportivo - Suunto 9');\ncy.screenshot('Suunto-9-Negro');",
              "err": {},
              "uuid": "50a35773-0a46-4620-b297-c14ebde08f71",
              "parentUUID": "7ed0b642-adf7-4e8f-abc5-5370a1234589",
              "isHook": false,
              "skipped": false
            }
          ],
          "suites": [],
          "passes": [
            "f19c5c31-47a6-4d54-b9c3-8d7a4dd36021",
            "07b6c142-227c-4f1b-89be-6d8827535b35",
            "6a258b49-231f-4d09-91a6-fe5facd48090",
            "c21b77d5-0c1e-412b-b46e-6e913626ba68",
            "8d0fc82f-a441-45f6-83d3-05441c71dc99",
            "50a35773-0a46-4620-b297-c14ebde08f71"
          ],
          "failures": [],
          "pending": [],
          "skipped": [],
          "duration": 22398,
          "root": false,
          "rootEmpty": false,
          "_timeout": 2000
        }
      ],
      "passes": [],
      "failures": [],
      "pending": [],
      "skipped": [],
      "duration": 0,
      "root": true,
      "rootEmpty": true,
      "_timeout": 2000
    }
  ],
  "meta": {
    "mocha": {
      "version": "7.0.1"
    },
    "mochawesome": {
      "options": {
        "quiet": false,
        "reportFilename": "mochawesome",
        "saveHtml": false,
        "saveJson": true,
        "consoleReporter": "spec",
        "useInlineDiffs": false,
        "code": true
      },
      "version": "7.1.3"
    },
    "marge": {
      "options": {
        "reportDir": "cypress/results",
        "overwrite": false,
        "html": false,
        "json": true
      },
      "version": "6.2.0"
    }
  }
}