{
  "stats": {
    "suites": 1,
    "tests": 6,
    "passes": 5,
    "pending": 0,
    "failures": 1,
    "start": "2022-10-05T12:56:35.108Z",
    "end": "2022-10-05T12:57:10.313Z",
    "duration": 35205,
    "testsRegistered": 6,
    "passPercent": 83.33333333333334,
    "pendingPercent": 0,
    "other": 0,
    "hasOther": false,
    "skipped": 0,
    "hasSkipped": false
  },
  "results": [
    {
      "uuid": "c3da2e65-4753-47ed-9cc1-b90d4d7a6a70",
      "title": "",
      "fullFile": "cypress\\e2e\\ebay.cy.js",
      "file": "cypress\\e2e\\ebay.cy.js",
      "beforeHooks": [],
      "afterHooks": [],
      "tests": [],
      "suites": [
        {
          "uuid": "e4d15d0b-64f8-4c65-85f0-41522d5eeb1a",
          "title": "Opens ebay.es and searches for watches Suunto 9",
          "fullFile": "",
          "file": "",
          "beforeHooks": [],
          "afterHooks": [],
          "tests": [
            {
              "title": "Should open ebay.com",
              "fullTitle": "Opens ebay.es and searches for watches Suunto 9 Should open ebay.com",
              "timedOut": null,
              "duration": 4766,
              "state": "passed",
              "speed": "fast",
              "pass": true,
              "fail": false,
              "pending": false,
              "context": null,
              "code": "cy.visit('https://ebay.es');\ncy.title().should('eq', 'Comprar y Vender Electrónica, Moda, Móviles y mucho más | eBay');",
              "err": {},
              "uuid": "75374d9f-9632-40ce-b5bc-ed91c53e026c",
              "parentUUID": "e4d15d0b-64f8-4c65-85f0-41522d5eeb1a",
              "isHook": false,
              "skipped": false
            },
            {
              "title": "Should open \"Electronica\" link on ebay.com",
              "fullTitle": "Opens ebay.es and searches for watches Suunto 9 Should open \"Electronica\" link on ebay.com",
              "timedOut": null,
              "duration": 2141,
              "state": "passed",
              "speed": "fast",
              "pass": true,
              "fail": false,
              "pending": false,
              "context": null,
              "code": "cy.get(\"#mainContent > div.hl-cat-nav > ul > li:nth-child(3) > a\").should('be.visible').click();",
              "err": {},
              "uuid": "939f9263-0a21-46fb-b784-1e3eba2cd9a1",
              "parentUUID": "e4d15d0b-64f8-4c65-85f0-41522d5eeb1a",
              "isHook": false,
              "skipped": false
            },
            {
              "title": "Should open \"Relojes inteligentes\" link on ebay.com",
              "fullTitle": "Opens ebay.es and searches for watches Suunto 9 Should open \"Relojes inteligentes\" link on ebay.com",
              "timedOut": null,
              "duration": 1926,
              "state": "passed",
              "speed": "fast",
              "pass": true,
              "fail": false,
              "pending": false,
              "context": null,
              "code": "cy.get(\"section.b-module.b-visualnav  a:nth-child(8)\").should('be.visible').click();",
              "err": {},
              "uuid": "6c35d205-f375-4b35-87f4-22c0f0953380",
              "parentUUID": "e4d15d0b-64f8-4c65-85f0-41522d5eeb1a",
              "isHook": false,
              "skipped": false
            },
            {
              "title": "Should search for \"Suunto 9\" smartwatch on ebay.com",
              "fullTitle": "Opens ebay.es and searches for watches Suunto 9 Should search for \"Suunto 9\" smartwatch on ebay.com",
              "timedOut": null,
              "duration": 4611,
              "state": "failed",
              "speed": null,
              "pass": false,
              "fail": true,
              "pending": false,
              "context": null,
              "code": "cy.url().should('include', '/b/Smartwatches/');\ncy.get('input.gh-tb.ui-autocomplete-input').type('Suunto 9');\ncy.get('#gh-btn').click();\ncy.get(\"img[alt='Reloj deportivo - Suunto 9, Negro, Pulsómetro, Barómetro, 120 horas Autonomía']\").should('have.attr', 'src');\ncy.contains(/Reloj deportivo - Suunto 9/i).should('exist').should('contain.text', 'Reloj deportivo').and('have.attr', 'href');",
              "err": {
                "message": "AssertionError: Timed out retrying after 4000ms: expected 'https://www.ebay.es/sch/i.html?_from=R40&_trksid=p2499334.m570.l1313&_nkw=Suunto+9&_sacat=178893' to include '/b/Smartwatches/'",
                "estack": "AssertionError: Timed out retrying after 4000ms: expected 'https://www.ebay.es/sch/i.html?_from=R40&_trksid=p2499334.m570.l1313&_nkw=Suunto+9&_sacat=178893' to include '/b/Smartwatches/'\n    at Context.eval (https://www.ebay.es/__cypress/tests?p=cypress\\e2e\\ebay.cy.js:116:14)",
                "diff": null
              },
              "uuid": "a677e0ae-1237-4b02-bc9a-280cb0bc280e",
              "parentUUID": "e4d15d0b-64f8-4c65-85f0-41522d5eeb1a",
              "isHook": false,
              "skipped": false
            },
            {
              "title": "Should search the \"Suunto 9 Negro\" smartwatch on ebay.com using checkbox",
              "fullTitle": "Opens ebay.es and searches for watches Suunto 9 Should search the \"Suunto 9 Negro\" smartwatch on ebay.com using checkbox",
              "timedOut": null,
              "duration": 2747,
              "state": "passed",
              "speed": "fast",
              "pass": true,
              "fail": false,
              "pending": false,
              "context": null,
              "code": "cy.get('input[aria-label=\"Negro\"]').should('exist').eq(0).check();",
              "err": {},
              "uuid": "8a80e586-b920-454b-ae1d-15ff365d4197",
              "parentUUID": "e4d15d0b-64f8-4c65-85f0-41522d5eeb1a",
              "isHook": false,
              "skipped": false
            },
            {
              "title": "Should check the existense of \"Suunto 9 Negro\" smartwatch on ebay.com",
              "fullTitle": "Opens ebay.es and searches for watches Suunto 9 Should check the existense of \"Suunto 9 Negro\" smartwatch on ebay.com",
              "timedOut": null,
              "duration": 1075,
              "state": "passed",
              "speed": "fast",
              "pass": true,
              "fail": false,
              "pending": false,
              "context": null,
              "code": "cy.get(\"img[class='s-item__image-img']\").eq(2).should('have.attr', 'src');\ncy.get('span[aria-level=\"3\"]').eq(1).should('contain.text', 'Reloj deportivo - Suunto 9');\ncy.screenshot('Suunto-9-Negro');",
              "err": {},
              "uuid": "9c5f3af9-14c4-4ec6-bd25-8d7d28bb2651",
              "parentUUID": "e4d15d0b-64f8-4c65-85f0-41522d5eeb1a",
              "isHook": false,
              "skipped": false
            }
          ],
          "suites": [],
          "passes": [
            "75374d9f-9632-40ce-b5bc-ed91c53e026c",
            "939f9263-0a21-46fb-b784-1e3eba2cd9a1",
            "6c35d205-f375-4b35-87f4-22c0f0953380",
            "8a80e586-b920-454b-ae1d-15ff365d4197",
            "9c5f3af9-14c4-4ec6-bd25-8d7d28bb2651"
          ],
          "failures": [
            "a677e0ae-1237-4b02-bc9a-280cb0bc280e"
          ],
          "pending": [],
          "skipped": [],
          "duration": 17266,
          "root": false,
          "rootEmpty": false,
          "_timeout": 2000
        }
      ],
      "passes": [],
      "failures": [],
      "pending": [],
      "skipped": [],
      "duration": 0,
      "root": true,
      "rootEmpty": true,
      "_timeout": 2000
    }
  ],
  "meta": {
    "mocha": {
      "version": "7.0.1"
    },
    "mochawesome": {
      "options": {
        "quiet": false,
        "reportFilename": "mochawesome",
        "saveHtml": false,
        "saveJson": true,
        "consoleReporter": "spec",
        "useInlineDiffs": false,
        "code": true
      },
      "version": "7.1.3"
    },
    "marge": {
      "options": {
        "reportDir": "cypress/results",
        "overwrite": false,
        "html": false,
        "json": true
      },
      "version": "6.2.0"
    }
  }
}