{
  "stats": {
    "suites": 1,
    "tests": 5,
    "passes": 5,
    "pending": 0,
    "failures": 0,
    "start": "2022-09-10T20:57:13.992Z",
    "end": "2022-09-10T20:57:21.385Z",
    "duration": 7393,
    "testsRegistered": 5,
    "passPercent": 100,
    "pendingPercent": 0,
    "other": 0,
    "hasOther": false,
    "skipped": 0,
    "hasSkipped": false
  },
  "results": [
    {
      "uuid": "64ad09f1-6e27-4561-a4da-ebe5582a6e40",
      "title": "",
      "fullFile": "cypress\\e2e\\wikipedia.cy.js",
      "file": "cypress\\e2e\\wikipedia.cy.js",
      "beforeHooks": [],
      "afterHooks": [],
      "tests": [],
      "suites": [
        {
          "uuid": "87561e2c-2d53-4f2d-b12f-b005dbee9c47",
          "title": "Opens wikipedia website and search for Estación de Atocha-Cercanías page",
          "fullFile": "",
          "file": "",
          "beforeHooks": [],
          "afterHooks": [],
          "tests": [
            {
              "title": "Opens wikipedia website and check the language is Spanish",
              "fullTitle": "Opens wikipedia website and search for Estación de Atocha-Cercanías page Opens wikipedia website and check the language is Spanish",
              "timedOut": null,
              "duration": 2110,
              "state": "passed",
              "speed": "fast",
              "pass": true,
              "fail": false,
              "pending": false,
              "context": null,
              "code": "cy.visit('https://www.wikipedia.org/');\ncy.contains('Español');\ncy.get('#js-link-box-es').click();",
              "err": {},
              "uuid": "944608d5-4251-4c4f-8265-a16c76272fbe",
              "parentUUID": "87561e2c-2d53-4f2d-b12f-b005dbee9c47",
              "isHook": false,
              "skipped": false
            },
            {
              "title": "Searches text \"atocha\" in Spanish Wikipedia",
              "fullTitle": "Opens wikipedia website and search for Estación de Atocha-Cercanías page Searches text \"atocha\" in Spanish Wikipedia",
              "timedOut": null,
              "duration": 1146,
              "state": "passed",
              "speed": "fast",
              "pass": true,
              "fail": false,
              "pending": false,
              "context": null,
              "code": "cy.get('#searchInput').type('atocha');\ncy.get('#searchButton').click();\ncy.url().should('include', 'https://es.wikipedia.org/wiki/Atocha');",
              "err": {},
              "uuid": "773b8374-03c8-4176-bd3d-27bd6f8a2481",
              "parentUUID": "87561e2c-2d53-4f2d-b12f-b005dbee9c47",
              "isHook": false,
              "skipped": false
            },
            {
              "title": "Selects \"Atocha-Cercanías\" link",
              "fullTitle": "Opens wikipedia website and search for Estación de Atocha-Cercanías page Selects \"Atocha-Cercanías\" link",
              "timedOut": null,
              "duration": 1466,
              "state": "passed",
              "speed": "fast",
              "pass": true,
              "fail": false,
              "pending": false,
              "context": null,
              "code": "cy.contains('Atocha');\ncy.get('a[title=\"Estación de Atocha-Cercanías\"]').eq(0).should('to.have.attr', 'href', '/wiki/Estaci%C3%B3n_de_Atocha-Cercan%C3%ADas').click({\n  multiple: true\n});",
              "err": {},
              "uuid": "50b305c4-fc03-4e9d-b07a-20a9261be6a1",
              "parentUUID": "87561e2c-2d53-4f2d-b12f-b005dbee9c47",
              "isHook": false,
              "skipped": false
            },
            {
              "title": "Check the image is present on the \"Atocha-Cercanias\" page",
              "fullTitle": "Opens wikipedia website and search for Estación de Atocha-Cercanías page Check the image is present on the \"Atocha-Cercanias\" page",
              "timedOut": null,
              "duration": 444,
              "state": "passed",
              "speed": "fast",
              "pass": true,
              "fail": false,
              "pending": false,
              "context": null,
              "code": "cy.get('img[alt=\"Estación de Atocha (Madrid) 02.jpg\"]').should('be.visible');\ncy.screenshot('my-image');",
              "err": {},
              "uuid": "a2a7c9b1-b544-4c79-b61f-4c14e312f2b9",
              "parentUUID": "87561e2c-2d53-4f2d-b12f-b005dbee9c47",
              "isHook": false,
              "skipped": false
            },
            {
              "title": "Checks the presence and contain of Situacion ferrovialia list on the page",
              "fullTitle": "Opens wikipedia website and search for Estación de Atocha-Cercanías page Checks the presence and contain of Situacion ferrovialia list on the page",
              "timedOut": null,
              "duration": 328,
              "state": "passed",
              "speed": "fast",
              "pass": true,
              "fail": false,
              "pending": false,
              "context": null,
              "code": "cy.get('#mw-content-text  ul:nth-child(7) > li').should('exist').eq(0).should('to.contain.text', 'punto kilométrico 0,0.');\ncy.get('#mw-content-text  ul:nth-child(7) > li').eq(1).should('to.have.descendants', 'a');\ncy.get('#mw-content-text  ul:nth-child(7) > li').eq(2).should('contain', ', punto kilométrico 7,5.');\ncy.screenshot('my-image1');",
              "err": {},
              "uuid": "ec0ba80b-d0d6-42da-af9f-5be0c2ee1afb",
              "parentUUID": "87561e2c-2d53-4f2d-b12f-b005dbee9c47",
              "isHook": false,
              "skipped": false
            }
          ],
          "suites": [],
          "passes": [
            "944608d5-4251-4c4f-8265-a16c76272fbe",
            "773b8374-03c8-4176-bd3d-27bd6f8a2481",
            "50b305c4-fc03-4e9d-b07a-20a9261be6a1",
            "a2a7c9b1-b544-4c79-b61f-4c14e312f2b9",
            "ec0ba80b-d0d6-42da-af9f-5be0c2ee1afb"
          ],
          "failures": [],
          "pending": [],
          "skipped": [],
          "duration": 5494,
          "root": false,
          "rootEmpty": false,
          "_timeout": 2000
        }
      ],
      "passes": [],
      "failures": [],
      "pending": [],
      "skipped": [],
      "duration": 0,
      "root": true,
      "rootEmpty": true,
      "_timeout": 2000
    }
  ],
  "meta": {
    "mocha": {
      "version": "7.0.1"
    },
    "mochawesome": {
      "options": {
        "quiet": false,
        "reportFilename": "mochawesome",
        "saveHtml": false,
        "saveJson": true,
        "consoleReporter": "spec",
        "useInlineDiffs": false,
        "code": true
      },
      "version": "7.1.3"
    },
    "marge": {
      "options": {
        "reportDir": "cypress/results",
        "overwrite": false,
        "html": false,
        "json": true
      },
      "version": "6.2.0"
    }
  }
}