{
  "stats": {
    "suites": 1,
    "tests": 6,
    "passes": 6,
    "pending": 0,
    "failures": 0,
    "start": "2022-08-07T18:17:57.972Z",
    "end": "2022-08-07T18:18:35.158Z",
    "duration": 37186,
    "testsRegistered": 6,
    "passPercent": 100,
    "pendingPercent": 0,
    "other": 0,
    "hasOther": false,
    "skipped": 0,
    "hasSkipped": false
  },
  "results": [
    {
      "uuid": "e6f9bba1-d2c4-40d2-ba37-0f5669736754",
      "title": "",
      "fullFile": "cypress\\e2e\\ebay.cy.js",
      "file": "cypress\\e2e\\ebay.cy.js",
      "beforeHooks": [],
      "afterHooks": [],
      "tests": [],
      "suites": [
        {
          "uuid": "175eb402-e4f2-41b7-a369-ee08b1b857ee",
          "title": "Opens ebay.es and searches for watches Suunto 9",
          "fullFile": "",
          "file": "",
          "beforeHooks": [],
          "afterHooks": [],
          "tests": [
            {
              "title": "Should open ebay.com",
              "fullTitle": "Opens ebay.es and searches for watches Suunto 9 Should open ebay.com",
              "timedOut": null,
              "duration": 3393,
              "state": "passed",
              "speed": "fast",
              "pass": true,
              "fail": false,
              "pending": false,
              "context": null,
              "code": "cy.visit('https://ebay.es');\ncy.title().should('eq', 'Comprar y Vender Electrónica, Moda, Móviles y mucho más | eBay');",
              "err": {},
              "uuid": "13eb7e17-2d50-42a8-a117-a02200932554",
              "parentUUID": "175eb402-e4f2-41b7-a369-ee08b1b857ee",
              "isHook": false,
              "skipped": false
            },
            {
              "title": "Should open \"Electronica\" link on ebay.com",
              "fullTitle": "Opens ebay.es and searches for watches Suunto 9 Should open \"Electronica\" link on ebay.com",
              "timedOut": null,
              "duration": 3734,
              "state": "passed",
              "speed": "fast",
              "pass": true,
              "fail": false,
              "pending": false,
              "context": null,
              "code": "// cy.get(\"#gdpr-banner-accept\", { timeout: 10000 }).should('be.visible').click()\ncy.screenshot('Ebay');\ncy.get(\"#mainContent > div.hl-cat-nav > ul > li:nth-child(3) > a\").should('be.visible').click();",
              "err": {},
              "uuid": "f0dd4627-414a-44e3-9042-fdd6b153cdb9",
              "parentUUID": "175eb402-e4f2-41b7-a369-ee08b1b857ee",
              "isHook": false,
              "skipped": false
            },
            {
              "title": "Should open \"Relojes inteligentes\" link on ebay.com",
              "fullTitle": "Opens ebay.es and searches for watches Suunto 9 Should open \"Relojes inteligentes\" link on ebay.com",
              "timedOut": null,
              "duration": 3216,
              "state": "passed",
              "speed": "fast",
              "pass": true,
              "fail": false,
              "pending": false,
              "context": null,
              "code": "cy.screenshot('Ebay-Electroinca');\ncy.get(\"section.b-module.b-visualnav  a:nth-child(8)\").should('be.visible').click();",
              "err": {},
              "uuid": "c255ba11-177f-42cb-bdb3-7b4448dd18dd",
              "parentUUID": "175eb402-e4f2-41b7-a369-ee08b1b857ee",
              "isHook": false,
              "skipped": false
            },
            {
              "title": "Should search for \"Suunto 9\" smartwatch on ebay.com",
              "fullTitle": "Opens ebay.es and searches for watches Suunto 9 Should search for \"Suunto 9\" smartwatch on ebay.com",
              "timedOut": null,
              "duration": 14102,
              "state": "passed",
              "speed": "slow",
              "pass": true,
              "fail": false,
              "pending": false,
              "context": null,
              "code": "cy.screenshot('Ebay-Electronica-Relojes');\ncy.url().should('include', '/b/Smartwatches/');\ncy.get('input.gh-tb.ui-autocomplete-input').type('Suunto 9');\ncy.get('#gh-btn').click();\ncy.screenshot('Suunto-9');\ncy.get(\"img[alt='Reloj deportivo - Suunto 9, Negro, Pulsómetro, Barómetro, 120 horas Autonomía']\").should('have.attr', 'src'); // cy.get('div.s-item__detail.s-item__detail--primary > span.s-item__price')\n//   .eq(1)\n//   .should('contain.text', '266,85 EUR')\ncy.get('#srp-river-results > ul > li:nth-child(1) > div > div.s-item__info.clearfix > a > h3').should('have.text', 'Reloj deportivo - Suunto 9, Negro, Pulsómetro, Barómetro, 120 horas Autonomía');",
              "err": {},
              "uuid": "2ba6ee45-8981-4ea1-ae4c-386338de9f67",
              "parentUUID": "175eb402-e4f2-41b7-a369-ee08b1b857ee",
              "isHook": false,
              "skipped": false
            },
            {
              "title": "Should search the \"Suunto 9 Negro\" smartwatch on ebay.com using checkbox",
              "fullTitle": "Opens ebay.es and searches for watches Suunto 9 Should search the \"Suunto 9 Negro\" smartwatch on ebay.com using checkbox",
              "timedOut": null,
              "duration": 2952,
              "state": "passed",
              "speed": "fast",
              "pass": true,
              "fail": false,
              "pending": false,
              "context": null,
              "code": "cy.get('input[aria-label=\"Negro\"]').should('exist').eq(0).check();",
              "err": {},
              "uuid": "f67fdd2e-0837-4b99-9339-4b697ed85aa2",
              "parentUUID": "175eb402-e4f2-41b7-a369-ee08b1b857ee",
              "isHook": false,
              "skipped": false
            },
            {
              "title": "Should check the existense of \"Suunto 9 Negro\" smartwatch on ebay.com",
              "fullTitle": "Opens ebay.es and searches for watches Suunto 9 Should check the existense of \"Suunto 9 Negro\" smartwatch on ebay.com",
              "timedOut": null,
              "duration": 5832,
              "state": "passed",
              "speed": "medium",
              "pass": true,
              "fail": false,
              "pending": false,
              "context": null,
              "code": "// cy.get('div.s-item__detail.s-item__detail--primary > span.s-item__price')\n//   .eq(1)\n//   .should('have.text', '369,00 EUR')\ncy.screenshot('Suunto-9-Negro');\ncy.get(\"img[alt='Reloj deportivo - Suunto 9, Negro, Pulsómetro, Barómetro, 120 horas Autonomía']\").should('have.attr', 'src');\ncy.get('#srp-river-results > ul > li:nth-child(2) > div > div.s-item__info.clearfix > a > h3').should('contain.text', 'Reloj deportivo - Suunto 9, Negro');",
              "err": {},
              "uuid": "2d936841-cba7-46d2-ae8b-0aac09338a56",
              "parentUUID": "175eb402-e4f2-41b7-a369-ee08b1b857ee",
              "isHook": false,
              "skipped": false
            }
          ],
          "suites": [],
          "passes": [
            "13eb7e17-2d50-42a8-a117-a02200932554",
            "f0dd4627-414a-44e3-9042-fdd6b153cdb9",
            "c255ba11-177f-42cb-bdb3-7b4448dd18dd",
            "2ba6ee45-8981-4ea1-ae4c-386338de9f67",
            "f67fdd2e-0837-4b99-9339-4b697ed85aa2",
            "2d936841-cba7-46d2-ae8b-0aac09338a56"
          ],
          "failures": [],
          "pending": [],
          "skipped": [],
          "duration": 33229,
          "root": false,
          "rootEmpty": false,
          "_timeout": 2000
        }
      ],
      "passes": [],
      "failures": [],
      "pending": [],
      "skipped": [],
      "duration": 0,
      "root": true,
      "rootEmpty": true,
      "_timeout": 2000
    }
  ],
  "meta": {
    "mocha": {
      "version": "7.0.1"
    },
    "mochawesome": {
      "options": {
        "quiet": false,
        "reportFilename": "mochawesome",
        "saveHtml": false,
        "saveJson": true,
        "consoleReporter": "spec",
        "useInlineDiffs": false,
        "code": true
      },
      "version": "7.1.3"
    },
    "marge": {
      "options": {
        "reportDir": "cypress/results",
        "overwrite": false,
        "html": false,
        "json": true
      },
      "version": "6.2.0"
    }
  }
}