{
  "stats": {
    "suites": 1,
    "tests": 5,
    "passes": 5,
    "pending": 0,
    "failures": 0,
    "start": "2022-08-21T18:35:52.297Z",
    "end": "2022-08-21T18:36:10.618Z",
    "duration": 18321,
    "testsRegistered": 5,
    "passPercent": 100,
    "pendingPercent": 0,
    "other": 0,
    "hasOther": false,
    "skipped": 0,
    "hasSkipped": false
  },
  "results": [
    {
      "uuid": "7f9ed10a-ac4a-4667-962e-239c2e2a4d0c",
      "title": "",
      "fullFile": "cypress\\e2e\\wikipedia.cy.js",
      "file": "cypress\\e2e\\wikipedia.cy.js",
      "beforeHooks": [],
      "afterHooks": [],
      "tests": [],
      "suites": [
        {
          "uuid": "364b28ab-9e20-4d8e-a763-f43a7bb9d994",
          "title": "Opens wikipedia website and search for Estación de Atocha-Cercanías page",
          "fullFile": "",
          "file": "",
          "beforeHooks": [],
          "afterHooks": [],
          "tests": [
            {
              "title": "Opens wikipedia website and check the language is Spanish",
              "fullTitle": "Opens wikipedia website and search for Estación de Atocha-Cercanías page Opens wikipedia website and check the language is Spanish",
              "timedOut": null,
              "duration": 3098,
              "state": "passed",
              "speed": "fast",
              "pass": true,
              "fail": false,
              "pending": false,
              "context": null,
              "code": "cy.visit('https://www.wikipedia.org/');\ncy.contains('Español');\ncy.get('#js-link-box-es').click();",
              "err": {},
              "uuid": "271fdfc6-b864-40fa-ab29-009f29349394",
              "parentUUID": "364b28ab-9e20-4d8e-a763-f43a7bb9d994",
              "isHook": false,
              "skipped": false
            },
            {
              "title": "Searches text \"atocha\" in Spanish Wikipedia",
              "fullTitle": "Opens wikipedia website and search for Estación de Atocha-Cercanías page Searches text \"atocha\" in Spanish Wikipedia",
              "timedOut": null,
              "duration": 1410,
              "state": "passed",
              "speed": "fast",
              "pass": true,
              "fail": false,
              "pending": false,
              "context": null,
              "code": "cy.get('#searchInput').type('atocha');\ncy.get('#searchButton').click();\ncy.url().should('include', 'https://es.wikipedia.org/wiki/Atocha');",
              "err": {},
              "uuid": "7fc1a6f8-c7e1-42ca-9326-2017b72409d6",
              "parentUUID": "364b28ab-9e20-4d8e-a763-f43a7bb9d994",
              "isHook": false,
              "skipped": false
            },
            {
              "title": "Selects \"Atocha-Cercanías\" link",
              "fullTitle": "Opens wikipedia website and search for Estación de Atocha-Cercanías page Selects \"Atocha-Cercanías\" link",
              "timedOut": null,
              "duration": 2196,
              "state": "passed",
              "speed": "fast",
              "pass": true,
              "fail": false,
              "pending": false,
              "context": null,
              "code": "cy.contains('Atocha');\ncy.get('a[title=\"Estación de Atocha-Cercanías\"]').eq(0).should('to.have.attr', 'href', '/wiki/Estaci%C3%B3n_de_Atocha-Cercan%C3%ADas').click({\n  multiple: true\n});",
              "err": {},
              "uuid": "bac338a4-b9c5-4ed8-ab2f-841a0e031317",
              "parentUUID": "364b28ab-9e20-4d8e-a763-f43a7bb9d994",
              "isHook": false,
              "skipped": false
            },
            {
              "title": "Check the image is present on the \"Atocha-Cercanias\" page",
              "fullTitle": "Opens wikipedia website and search for Estación de Atocha-Cercanías page Check the image is present on the \"Atocha-Cercanias\" page",
              "timedOut": null,
              "duration": 4462,
              "state": "passed",
              "speed": "fast",
              "pass": true,
              "fail": false,
              "pending": false,
              "context": null,
              "code": "cy.get('img[alt=\"Estación de Atocha (Madrid) 02.jpg\"]').should('be.visible');\ncy.screenshot('my-image');",
              "err": {},
              "uuid": "84179b1b-d08e-49f7-a636-b3abcc3308f8",
              "parentUUID": "364b28ab-9e20-4d8e-a763-f43a7bb9d994",
              "isHook": false,
              "skipped": false
            },
            {
              "title": "Checks the presence and contain of Situacion ferrovialia list on the page",
              "fullTitle": "Opens wikipedia website and search for Estación de Atocha-Cercanías page Checks the presence and contain of Situacion ferrovialia list on the page",
              "timedOut": null,
              "duration": 4102,
              "state": "passed",
              "speed": "fast",
              "pass": true,
              "fail": false,
              "pending": false,
              "context": null,
              "code": "cy.get('#mw-content-text  ul:nth-child(7) > li').should('exist').eq(0).should('to.contain.text', 'punto kilométrico 0,0.');\ncy.get('#mw-content-text  ul:nth-child(7) > li').eq(1).should('to.have.descendants', 'a');\ncy.get('#mw-content-text  ul:nth-child(7) > li').eq(2).should('contain', ', punto kilométrico 7,5.');\ncy.screenshot('my-image1');",
              "err": {},
              "uuid": "9c0eebc7-b2fd-4bc7-b54c-a7708b92aee5",
              "parentUUID": "364b28ab-9e20-4d8e-a763-f43a7bb9d994",
              "isHook": false,
              "skipped": false
            }
          ],
          "suites": [],
          "passes": [
            "271fdfc6-b864-40fa-ab29-009f29349394",
            "7fc1a6f8-c7e1-42ca-9326-2017b72409d6",
            "bac338a4-b9c5-4ed8-ab2f-841a0e031317",
            "84179b1b-d08e-49f7-a636-b3abcc3308f8",
            "9c0eebc7-b2fd-4bc7-b54c-a7708b92aee5"
          ],
          "failures": [],
          "pending": [],
          "skipped": [],
          "duration": 15268,
          "root": false,
          "rootEmpty": false,
          "_timeout": 2000
        }
      ],
      "passes": [],
      "failures": [],
      "pending": [],
      "skipped": [],
      "duration": 0,
      "root": true,
      "rootEmpty": true,
      "_timeout": 2000
    }
  ],
  "meta": {
    "mocha": {
      "version": "7.0.1"
    },
    "mochawesome": {
      "options": {
        "quiet": false,
        "reportFilename": "mochawesome",
        "saveHtml": false,
        "saveJson": true,
        "consoleReporter": "spec",
        "useInlineDiffs": false,
        "code": true
      },
      "version": "7.1.3"
    },
    "marge": {
      "options": {
        "reportDir": "cypress/results",
        "overwrite": false,
        "html": false,
        "json": true
      },
      "version": "6.2.0"
    }
  }
}