{
  "stats": {
    "suites": 1,
    "tests": 3,
    "passes": 3,
    "pending": 0,
    "failures": 0,
    "start": "2022-09-02T16:22:41.024Z",
    "end": "2022-09-02T16:22:41.742Z",
    "duration": 718,
    "testsRegistered": 3,
    "passPercent": 100,
    "pendingPercent": 0,
    "other": 0,
    "hasOther": false,
    "skipped": 0,
    "hasSkipped": false
  },
  "results": [
    {
      "uuid": "d95e6bbf-e5cf-46f5-a49c-136b6194dc3e",
      "title": "",
      "fullFile": "cypress\\e2e\\testJsonPlaceHolderApi.cy.js",
      "file": "cypress\\e2e\\testJsonPlaceHolderApi.cy.js",
      "beforeHooks": [],
      "afterHooks": [],
      "tests": [],
      "suites": [
        {
          "uuid": "e6a422ea-9b56-4a3c-87f5-716d63188732",
          "title": "open api url and test",
          "fullFile": "",
          "file": "",
          "beforeHooks": [],
          "afterHooks": [],
          "tests": [
            {
              "title": "open api url and check response status code",
              "fullTitle": "open api url and test open api url and check response status code",
              "timedOut": null,
              "duration": 313,
              "state": "passed",
              "speed": "fast",
              "pass": true,
              "fail": false,
              "pending": false,
              "context": null,
              "code": "cy.request('https://jsonplaceholder.typicode.com/todos').as('todoRequest').its('body').should('have.length', 200);\ncy.get('@todoRequest').then(response => {\n  expect(response.status).to.be.equal(200);\n  assert.isArray(response.body, 'Todos response is an array');\n});",
              "err": {},
              "uuid": "814fe562-509c-4315-8555-68fd7092b962",
              "parentUUID": "e6a422ea-9b56-4a3c-87f5-716d63188732",
              "isHook": false,
              "skipped": false
            },
            {
              "title": "Check post method status code",
              "fullTitle": "open api url and test Check post method status code",
              "timedOut": null,
              "duration": 83,
              "state": "passed",
              "speed": "fast",
              "pass": true,
              "fail": false,
              "pending": false,
              "context": null,
              "code": "cy.request('GET', 'https://jsonplaceholder.typicode.com/todos', {\n  title: \"eightdelectus aut autem\",\n  userId: 1\n}).as('todoRequest');\ncy.get('@todoRequest').then(response => {\n  expect(response.status).to.eq(200);\n});",
              "err": {},
              "uuid": "581855ff-b1a5-4671-bae2-9305f3112039",
              "parentUUID": "e6a422ea-9b56-4a3c-87f5-716d63188732",
              "isHook": false,
              "skipped": false
            },
            {
              "title": "Check post method status code",
              "fullTitle": "open api url and test Check post method status code",
              "timedOut": null,
              "duration": 272,
              "state": "passed",
              "speed": "fast",
              "pass": true,
              "fail": false,
              "pending": false,
              "context": null,
              "code": "cy.request('POST', 'https://jsonplaceholder.typicode.com/todos', {\n  userId: \"11\",\n  title: 'My title',\n  completed: true\n}).as('todoRequest'); // adds new Todo item by defining Todo name\ncy.get('@todoRequest').then(response => {\n  expect(response.status).to.eq(201);\n  cy.wrap(response.body).should('deep.include', {\n    userId: '11',\n    id: 201,\n    title: 'My title',\n    completed: true\n  });\n});",
              "err": {},
              "uuid": "4a76ffce-482c-479f-bf23-49886c69cf60",
              "parentUUID": "e6a422ea-9b56-4a3c-87f5-716d63188732",
              "isHook": false,
              "skipped": false
            }
          ],
          "suites": [],
          "passes": [
            "814fe562-509c-4315-8555-68fd7092b962",
            "581855ff-b1a5-4671-bae2-9305f3112039",
            "4a76ffce-482c-479f-bf23-49886c69cf60"
          ],
          "failures": [],
          "pending": [],
          "skipped": [],
          "duration": 668,
          "root": false,
          "rootEmpty": false,
          "_timeout": 2000
        }
      ],
      "passes": [],
      "failures": [],
      "pending": [],
      "skipped": [],
      "duration": 0,
      "root": true,
      "rootEmpty": true,
      "_timeout": 2000
    }
  ],
  "meta": {
    "mocha": {
      "version": "7.0.1"
    },
    "mochawesome": {
      "options": {
        "quiet": false,
        "reportFilename": "mochawesome",
        "saveHtml": false,
        "saveJson": true,
        "consoleReporter": "spec",
        "useInlineDiffs": false,
        "code": true
      },
      "version": "7.1.3"
    },
    "marge": {
      "options": {
        "reportDir": "cypress/results",
        "overwrite": false,
        "html": false,
        "json": true
      },
      "version": "6.2.0"
    }
  }
}