{
  "stats": {
    "suites": 1,
    "tests": 2,
    "passes": 1,
    "pending": 0,
    "failures": 1,
    "start": "2022-11-13T18:19:21.659Z",
    "end": "2022-11-13T18:20:25.071Z",
    "duration": 63412,
    "testsRegistered": 2,
    "passPercent": 50,
    "pendingPercent": 0,
    "other": 0,
    "hasOther": false,
    "skipped": 0,
    "hasSkipped": false
  },
  "results": [
    {
      "uuid": "c1193009-53b4-4736-9428-a0248d8bb59f",
      "title": "",
      "fullFile": "cypress\\e2e\\api_intercept.cy.js",
      "file": "cypress\\e2e\\api_intercept.cy.js",
      "beforeHooks": [],
      "afterHooks": [],
      "tests": [],
      "suites": [
        {
          "uuid": "8566664a-2c4f-4cd8-8b3d-203fe838c9fa",
          "title": "Intercept with cypress",
          "fullFile": "",
          "file": "",
          "beforeHooks": [],
          "afterHooks": [],
          "tests": [
            {
              "title": "Mocking with intercept test with static response",
              "fullTitle": "Intercept with cypress Mocking with intercept test with static response",
              "timedOut": null,
              "duration": 22713,
              "state": "passed",
              "speed": "slow",
              "pass": true,
              "fail": false,
              "pending": false,
              "context": null,
              "code": "cy.visit(\"https://jsonplaceholder.typicode.com/\");\ncy.intercept(\"GET\", \"/posts\", {\n  totalPost: 5,\n  name: \"automation\"\n}).as(\"posts\");\ncy.get(\"a\").contains(\"/posts\").click();\ncy.wait(\"@posts\");",
              "err": {},
              "uuid": "2331708b-7d8e-4e88-8a40-132310838e89",
              "parentUUID": "8566664a-2c4f-4cd8-8b3d-203fe838c9fa",
              "isHook": false,
              "skipped": false
            },
            {
              "title": "Mocking with intercept test with dynamic fixture",
              "fullTitle": "Intercept with cypress Mocking with intercept test with dynamic fixture",
              "timedOut": null,
              "duration": 1729,
              "state": "failed",
              "speed": null,
              "pass": false,
              "fail": true,
              "pending": false,
              "context": null,
              "code": "cy.visit(\"https://jsonplaceholder.typicode.com/\");\ncy.intercept(\"GET\", \"/posts\", {\n  fixture: \"apiPostUser.json\"\n}).as(\"posts\");\ncy.get(\"a\").contains(\"/posts\").click();\ncy.wait(\"@posts\");",
              "err": {
                "message": "Error: An error was thrown while processing a network event: A fixture file could not be found at any of the following paths:\n\n    > cypress\\fixtures\\apiPostUser.json\n    > cypress\\fixtures\\apiPostUser.json.[ext]\n\nCypress looked for these file extensions at the provided path:\n\n    > .json, .js, .coffee, .html, .txt, .csv, .png, .jpg, .jpeg, .gif, .tif, .tiff, .zip\n\nProvide a path to an existing fixture file.",
                "estack": "Error: An error was thrown while processing a network event: A fixture file could not be found at any of the following paths:\n\n    > cypress\\fixtures\\apiPostUser.json\n    > cypress\\fixtures\\apiPostUser.json.[ext]\n\nCypress looked for these file extensions at the provided path:\n\n    > .json, .js, .coffee, .html, .txt, .csv, .png, .jpg, .jpeg, .gif, .tif, .tiff, .zip\n\nProvide a path to an existing fixture file.\n    at Object.<anonymous> (C:\\Users\\Valentin\\AppData\\Local\\Cypress\\Cache\\10.7.0\\Cypress\\resources\\app\\packages\\server\\lib\\fixture.js:69:30)\n    at Object.tryCatcher (C:\\Users\\Valentin\\AppData\\Local\\Cypress\\Cache\\10.7.0\\Cypress\\resources\\app\\packages\\server\\node_modules\\bluebird\\js\\release\\util.js:16:23)\n    at Promise._settlePromiseFromHandler (C:\\Users\\Valentin\\AppData\\Local\\Cypress\\Cache\\10.7.0\\Cypress\\resources\\app\\packages\\server\\node_modules\\bluebird\\js\\release\\promise.js:547:31)\n    at Promise._settlePromise (C:\\Users\\Valentin\\AppData\\Local\\Cypress\\Cache\\10.7.0\\Cypress\\resources\\app\\packages\\server\\node_modules\\bluebird\\js\\release\\promise.js:604:18)\n    at Promise._settlePromise0 (C:\\Users\\Valentin\\AppData\\Local\\Cypress\\Cache\\10.7.0\\Cypress\\resources\\app\\packages\\server\\node_modules\\bluebird\\js\\release\\promise.js:649:10)\n    at Promise._settlePromises (C:\\Users\\Valentin\\AppData\\Local\\Cypress\\Cache\\10.7.0\\Cypress\\resources\\app\\packages\\server\\node_modules\\bluebird\\js\\release\\promise.js:729:18)\n    at Promise._fulfill (C:\\Users\\Valentin\\AppData\\Local\\Cypress\\Cache\\10.7.0\\Cypress\\resources\\app\\packages\\server\\node_modules\\bluebird\\js\\release\\promise.js:673:18)\n    at C:\\Users\\Valentin\\AppData\\Local\\Cypress\\Cache\\10.7.0\\Cypress\\resources\\app\\packages\\server\\node_modules\\bluebird\\js\\release\\nodeback.js:42:21\n    at f (C:\\Users\\Valentin\\AppData\\Local\\Cypress\\Cache\\10.7.0\\Cypress\\resources\\app\\node_modules\\once\\once.js:25:25)\n    at Glob.<anonymous> (C:\\Users\\Valentin\\AppData\\Local\\Cypress\\Cache\\10.7.0\\Cypress\\resources\\app\\packages\\server\\node_modules\\glob\\glob.js:151:7)\n    at Glob.emit (node:events:526:28)\n    at Glob.emit (node:domain:475:12)\n    at Glob._finish (C:\\Users\\Valentin\\AppData\\Local\\Cypress\\Cache\\10.7.0\\Cypress\\resources\\app\\packages\\server\\node_modules\\glob\\glob.js:197:8)\n    at done (C:\\Users\\Valentin\\AppData\\Local\\Cypress\\Cache\\10.7.0\\Cypress\\resources\\app\\packages\\server\\node_modules\\glob\\glob.js:182:14)\n    at Glob._processSimple2 (C:\\Users\\Valentin\\AppData\\Local\\Cypress\\Cache\\10.7.0\\Cypress\\resources\\app\\packages\\server\\node_modules\\glob\\glob.js:688:12)\n    at C:\\Users\\Valentin\\AppData\\Local\\Cypress\\Cache\\10.7.0\\Cypress\\resources\\app\\packages\\server\\node_modules\\glob\\glob.js:676:10\n    at Glob._stat2 (C:\\Users\\Valentin\\AppData\\Local\\Cypress\\Cache\\10.7.0\\Cypress\\resources\\app\\packages\\server\\node_modules\\glob\\glob.js:772:12)\n    at lstatcb_ (C:\\Users\\Valentin\\AppData\\Local\\Cypress\\Cache\\10.7.0\\Cypress\\resources\\app\\packages\\server\\node_modules\\glob\\glob.js:764:12)\n    at RES (C:\\Users\\Valentin\\AppData\\Local\\Cypress\\Cache\\10.7.0\\Cypress\\resources\\app\\node_modules\\inflight\\inflight.js:31:16)\n    at f (C:\\Users\\Valentin\\AppData\\Local\\Cypress\\Cache\\10.7.0\\Cypress\\resources\\app\\node_modules\\once\\once.js:25:25)\n    at callback (C:\\Users\\Valentin\\AppData\\Local\\Cypress\\Cache\\10.7.0\\Cypress\\resources\\app\\packages\\server\\node_modules\\graceful-fs\\polyfills.js:299:20)\n    at FSReqCallback.oncomplete (node:fs:198:21)\n",
                "diff": null
              },
              "uuid": "ebbed136-42c6-4edc-b65d-2fd84113d83e",
              "parentUUID": "8566664a-2c4f-4cd8-8b3d-203fe838c9fa",
              "isHook": false,
              "skipped": false
            }
          ],
          "suites": [],
          "passes": [
            "2331708b-7d8e-4e88-8a40-132310838e89"
          ],
          "failures": [
            "ebbed136-42c6-4edc-b65d-2fd84113d83e"
          ],
          "pending": [],
          "skipped": [],
          "duration": 24442,
          "root": false,
          "rootEmpty": false,
          "_timeout": 2000
        }
      ],
      "passes": [],
      "failures": [],
      "pending": [],
      "skipped": [],
      "duration": 0,
      "root": true,
      "rootEmpty": true,
      "_timeout": 2000
    }
  ],
  "meta": {
    "mocha": {
      "version": "7.0.1"
    },
    "mochawesome": {
      "options": {
        "quiet": false,
        "reportFilename": "mochawesome",
        "saveHtml": false,
        "saveJson": true,
        "consoleReporter": "spec",
        "useInlineDiffs": false,
        "code": true
      },
      "version": "7.1.3"
    },
    "marge": {
      "options": {
        "reportDir": "cypress/results",
        "overwrite": false,
        "html": false,
        "json": true
      },
      "version": "6.2.0"
    }
  }
}