{
  "stats": {
    "suites": 1,
    "tests": 6,
    "passes": 6,
    "pending": 0,
    "failures": 0,
    "start": "2022-09-10T20:56:30.689Z",
    "end": "2022-09-10T20:56:47.426Z",
    "duration": 16737,
    "testsRegistered": 6,
    "passPercent": 100,
    "pendingPercent": 0,
    "other": 0,
    "hasOther": false,
    "skipped": 0,
    "hasSkipped": false
  },
  "results": [
    {
      "uuid": "dd0345e3-c63f-4b5d-a0d0-0f0aefb18ee8",
      "title": "",
      "fullFile": "cypress\\e2e\\ebay.cy.js",
      "file": "cypress\\e2e\\ebay.cy.js",
      "beforeHooks": [],
      "afterHooks": [],
      "tests": [],
      "suites": [
        {
          "uuid": "949ce46b-2691-42e1-bf46-1f72ff096b98",
          "title": "Opens ebay.es and searches for watches Suunto 9",
          "fullFile": "",
          "file": "",
          "beforeHooks": [],
          "afterHooks": [],
          "tests": [
            {
              "title": "Should open ebay.com",
              "fullTitle": "Opens ebay.es and searches for watches Suunto 9 Should open ebay.com",
              "timedOut": null,
              "duration": 3244,
              "state": "passed",
              "speed": "fast",
              "pass": true,
              "fail": false,
              "pending": false,
              "context": null,
              "code": "cy.visit('https://ebay.es');\ncy.title().should('eq', 'Comprar y Vender Electrónica, Moda, Móviles y mucho más | eBay');",
              "err": {},
              "uuid": "0081f76d-5bbd-413a-a6a4-aed52ca1e05f",
              "parentUUID": "949ce46b-2691-42e1-bf46-1f72ff096b98",
              "isHook": false,
              "skipped": false
            },
            {
              "title": "Should open \"Electronica\" link on ebay.com",
              "fullTitle": "Opens ebay.es and searches for watches Suunto 9 Should open \"Electronica\" link on ebay.com",
              "timedOut": null,
              "duration": 2342,
              "state": "passed",
              "speed": "fast",
              "pass": true,
              "fail": false,
              "pending": false,
              "context": null,
              "code": "cy.get(\"#mainContent > div.hl-cat-nav > ul > li:nth-child(3) > a\").should('be.visible').click();",
              "err": {},
              "uuid": "d14cf18c-7ec9-4f97-9d1f-8095fb00bf93",
              "parentUUID": "949ce46b-2691-42e1-bf46-1f72ff096b98",
              "isHook": false,
              "skipped": false
            },
            {
              "title": "Should open \"Relojes inteligentes\" link on ebay.com",
              "fullTitle": "Opens ebay.es and searches for watches Suunto 9 Should open \"Relojes inteligentes\" link on ebay.com",
              "timedOut": null,
              "duration": 1964,
              "state": "passed",
              "speed": "fast",
              "pass": true,
              "fail": false,
              "pending": false,
              "context": null,
              "code": "cy.get(\"section.b-module.b-visualnav  a:nth-child(8)\").should('be.visible').click();",
              "err": {},
              "uuid": "229d8937-3622-4f49-a826-f952558189ad",
              "parentUUID": "949ce46b-2691-42e1-bf46-1f72ff096b98",
              "isHook": false,
              "skipped": false
            },
            {
              "title": "Should search for \"Suunto 9\" smartwatch on ebay.com",
              "fullTitle": "Opens ebay.es and searches for watches Suunto 9 Should search for \"Suunto 9\" smartwatch on ebay.com",
              "timedOut": null,
              "duration": 2695,
              "state": "passed",
              "speed": "fast",
              "pass": true,
              "fail": false,
              "pending": false,
              "context": null,
              "code": "cy.url().should('include', '/b/Smartwatches/');\ncy.get('input.gh-tb.ui-autocomplete-input').type('Suunto 9');\ncy.get('#gh-btn').click();\ncy.get(\"img[alt='Reloj deportivo - Suunto 9, Negro, Pulsómetro, Barómetro, 120 horas Autonomía']\").should('have.attr', 'src');\ncy.contains(/Reloj deportivo - Suunto 9/i).should('exist').should('contain.text', 'Reloj deportivo').and('have.attr', 'href');",
              "err": {},
              "uuid": "03105bf3-955f-483d-9ad2-621c1f79a398",
              "parentUUID": "949ce46b-2691-42e1-bf46-1f72ff096b98",
              "isHook": false,
              "skipped": false
            },
            {
              "title": "Should search the \"Suunto 9 Negro\" smartwatch on ebay.com using checkbox",
              "fullTitle": "Opens ebay.es and searches for watches Suunto 9 Should search the \"Suunto 9 Negro\" smartwatch on ebay.com using checkbox",
              "timedOut": null,
              "duration": 2435,
              "state": "passed",
              "speed": "fast",
              "pass": true,
              "fail": false,
              "pending": false,
              "context": null,
              "code": "cy.get('input[aria-label=\"Negro\"]').should('exist').eq(0).check();",
              "err": {},
              "uuid": "77adb28d-1714-42e4-8ab0-6a6259b05d90",
              "parentUUID": "949ce46b-2691-42e1-bf46-1f72ff096b98",
              "isHook": false,
              "skipped": false
            },
            {
              "title": "Should check the existense of \"Suunto 9 Negro\" smartwatch on ebay.com",
              "fullTitle": "Opens ebay.es and searches for watches Suunto 9 Should check the existense of \"Suunto 9 Negro\" smartwatch on ebay.com",
              "timedOut": null,
              "duration": 766,
              "state": "passed",
              "speed": "fast",
              "pass": true,
              "fail": false,
              "pending": false,
              "context": null,
              "code": "cy.get(\"img[class='s-item__image-img']\").eq(2).should('have.attr', 'src');\ncy.get('span[aria-level=\"3\"]').eq(1).should('contain.text', 'Reloj deportivo - Suunto 9');\ncy.screenshot('Suunto-9-Negro');",
              "err": {},
              "uuid": "91a3fc7a-f0ad-40a8-ba2a-5d424f68d8c4",
              "parentUUID": "949ce46b-2691-42e1-bf46-1f72ff096b98",
              "isHook": false,
              "skipped": false
            }
          ],
          "suites": [],
          "passes": [
            "0081f76d-5bbd-413a-a6a4-aed52ca1e05f",
            "d14cf18c-7ec9-4f97-9d1f-8095fb00bf93",
            "229d8937-3622-4f49-a826-f952558189ad",
            "03105bf3-955f-483d-9ad2-621c1f79a398",
            "77adb28d-1714-42e4-8ab0-6a6259b05d90",
            "91a3fc7a-f0ad-40a8-ba2a-5d424f68d8c4"
          ],
          "failures": [],
          "pending": [],
          "skipped": [],
          "duration": 13446,
          "root": false,
          "rootEmpty": false,
          "_timeout": 2000
        }
      ],
      "passes": [],
      "failures": [],
      "pending": [],
      "skipped": [],
      "duration": 0,
      "root": true,
      "rootEmpty": true,
      "_timeout": 2000
    }
  ],
  "meta": {
    "mocha": {
      "version": "7.0.1"
    },
    "mochawesome": {
      "options": {
        "quiet": false,
        "reportFilename": "mochawesome",
        "saveHtml": false,
        "saveJson": true,
        "consoleReporter": "spec",
        "useInlineDiffs": false,
        "code": true
      },
      "version": "7.1.3"
    },
    "marge": {
      "options": {
        "reportDir": "cypress/results",
        "overwrite": false,
        "html": false,
        "json": true
      },
      "version": "6.2.0"
    }
  }
}