{
  "stats": {
    "suites": 1,
    "tests": 6,
    "passes": 5,
    "pending": 4,
    "failures": -3,
    "start": "2022-09-02T12:14:45.657Z",
    "end": "2022-09-02T12:14:48.537Z",
    "duration": 2880,
    "testsRegistered": 9,
    "passPercent": 100,
    "pendingPercent": 44.44444444444444,
    "other": 3,
    "hasOther": true,
    "skipped": 0,
    "hasSkipped": false
  },
  "results": [
    {
      "uuid": "c3a56904-d1fa-4d5a-b527-5471ff32f676",
      "title": "",
      "fullFile": "cypress\\e2e\\simpleBookApi.cy.js",
      "file": "cypress\\e2e\\simpleBookApi.cy.js",
      "beforeHooks": [],
      "afterHooks": [],
      "tests": [],
      "suites": [
        {
          "uuid": "4ae593b8-49fb-4e03-874a-fc2e04100df7",
          "title": "Open Simple Book api url and test http requests GET, POST, PATCH and DELETE",
          "fullFile": "",
          "file": "",
          "beforeHooks": [],
          "afterHooks": [],
          "tests": [
            {
              "title": "Open Simple Book api url and check response status code",
              "fullTitle": "Open Simple Book api url and test http requests GET, POST, PATCH and DELETE Open Simple Book api url and check response status code",
              "timedOut": null,
              "duration": 1685,
              "state": "passed",
              "speed": "fast",
              "pass": true,
              "fail": false,
              "pending": false,
              "context": null,
              "code": "cy.request('https://simple-books-api.glitch.me/status').as('request');\ncy.get('@request').then(response => {\n  expect(response.status).to.be.equal(200);\n});",
              "err": {},
              "uuid": "115e5b53-8b7d-4bb6-9209-8b88fb0b5f3b",
              "parentUUID": "4ae593b8-49fb-4e03-874a-fc2e04100df7",
              "isHook": false,
              "skipped": false
            },
            {
              "title": "Check the authentification is already made and is impossible to do again with the same email",
              "fullTitle": "Open Simple Book api url and test http requests GET, POST, PATCH and DELETE Check the authentification is already made and is impossible to do again with the same email",
              "timedOut": null,
              "duration": 367,
              "state": "passed",
              "speed": "fast",
              "pass": true,
              "fail": false,
              "pending": false,
              "context": null,
              "code": "cy.request({\n  method: 'POST',\n  url: 'https://simple-books-api.glitch.me/api-clients/',\n  failOnStatusCode: false,\n  body: {\n    clientName: \"ondra\",\n    clientEmail: \"me@mail.com\"\n  }\n}).as('authRequest');\ncy.get('@authRequest').then(response => {\n  expect(response.status).to.be.equal(409);\n  cy.wrap(response.body).should('deep.include', {\n    error: 'API client already registered. Try a different email.'\n  });\n});",
              "err": {},
              "uuid": "84313736-4d2a-4587-ae44-49d1ebd474cf",
              "parentUUID": "4ae593b8-49fb-4e03-874a-fc2e04100df7",
              "isHook": false,
              "skipped": false
            },
            {
              "title": "Get list of all books from the api",
              "fullTitle": "Open Simple Book api url and test http requests GET, POST, PATCH and DELETE Get list of all books from the api",
              "timedOut": null,
              "duration": 177,
              "state": "passed",
              "speed": "fast",
              "pass": true,
              "fail": false,
              "pending": false,
              "context": null,
              "code": "cy.request('https://simple-books-api.glitch.me/books').as('booksRequest');\ncy.get('@booksRequest').then(response => {\n  expect(response.status).to.be.equal(200);\n  assert.isArray(response.body);\n  expect(response.body).have.length(6);\n});",
              "err": {},
              "uuid": "f09a37c3-ffe8-499f-9f56-596bfc93b85a",
              "parentUUID": "4ae593b8-49fb-4e03-874a-fc2e04100df7",
              "isHook": false,
              "skipped": false
            },
            {
              "title": "Filter the list of books from the api to non-fiction",
              "fullTitle": "Open Simple Book api url and test http requests GET, POST, PATCH and DELETE Filter the list of books from the api to non-fiction",
              "timedOut": null,
              "duration": 372,
              "state": "passed",
              "speed": "fast",
              "pass": true,
              "fail": false,
              "pending": false,
              "context": null,
              "code": "cy.request({\n  method: 'GET',\n  url: 'https://simple-books-api.glitch.me/books',\n  qs: {\n    type: 'non-fiction'\n  }\n}).as('nonFiction');\ncy.get('@nonFiction').then(response => {\n  expect(response.status).to.be.equal(200);\n  assert.isArray(response.body);\n  expect(response.body).have.length(2);\n  cy.wrap(response.body[0]).should('deep.include', {\n    id: 2,\n    name: \"Just as I Am\",\n    type: \"non-fiction\",\n    available: false\n  });\n  cy.wrap(response.body[1]).should('contain', {\n    available: true\n  });\n});",
              "err": {},
              "uuid": "6e1698c2-733d-4480-9aac-197be48c7c12",
              "parentUUID": "4ae593b8-49fb-4e03-874a-fc2e04100df7",
              "isHook": false,
              "skipped": false
            },
            {
              "title": "Find one book with id \"5\" and check it is available",
              "fullTitle": "Open Simple Book api url and test http requests GET, POST, PATCH and DELETE Find one book with id \"5\" and check it is available",
              "timedOut": null,
              "duration": 174,
              "state": "passed",
              "speed": "fast",
              "pass": true,
              "fail": false,
              "pending": false,
              "context": null,
              "code": "cy.request({\n  method: 'GET',\n  url: `https://simple-books-api.glitch.me/books/${bookId}`\n}).as('singleBook');\ncy.get('@singleBook').then(response => {\n  expect(response.status).to.be.equal(200);\n  cy.wrap(response.body).should('deep.include', {\n    \"id\": 5,\n    \"name\": \"Untamed\",\n    \"author\": \"Glennon Doyle\",\n    \"type\": \"non-fiction\",\n    \"price\": 15.5,\n    \"current-stock\": 20,\n    \"available\": true\n  });\n});",
              "err": {},
              "uuid": "1356ab8c-86ac-4dac-9966-3bf59276c395",
              "parentUUID": "4ae593b8-49fb-4e03-874a-fc2e04100df7",
              "isHook": false,
              "skipped": false
            },
            {
              "title": "Order the book with id \"5\" and check it order number",
              "fullTitle": "Open Simple Book api url and test http requests GET, POST, PATCH and DELETE Order the book with id \"5\" and check it order number",
              "timedOut": null,
              "duration": 0,
              "state": "pending",
              "speed": null,
              "pass": false,
              "fail": false,
              "pending": true,
              "context": null,
              "code": "",
              "err": {},
              "uuid": "78c55753-6a86-4f6d-89f6-85bf10ca49ac",
              "parentUUID": "4ae593b8-49fb-4e03-874a-fc2e04100df7",
              "isHook": false,
              "skipped": false
            },
            {
              "title": "Check the order: undefined is existing",
              "fullTitle": "Open Simple Book api url and test http requests GET, POST, PATCH and DELETE Check the order: undefined is existing",
              "timedOut": null,
              "duration": 0,
              "state": "pending",
              "speed": null,
              "pass": false,
              "fail": false,
              "pending": true,
              "context": null,
              "code": "",
              "err": {},
              "uuid": "91af301d-770f-43d3-b6f0-c6d54b85016a",
              "parentUUID": "4ae593b8-49fb-4e03-874a-fc2e04100df7",
              "isHook": false,
              "skipped": false
            },
            {
              "title": "Change customers name in order: undefined using PATCH method and check the orders customer name is changed",
              "fullTitle": "Open Simple Book api url and test http requests GET, POST, PATCH and DELETE Change customers name in order: undefined using PATCH method and check the orders customer name is changed",
              "timedOut": null,
              "duration": 0,
              "state": "pending",
              "speed": null,
              "pass": false,
              "fail": false,
              "pending": true,
              "context": null,
              "code": "",
              "err": {},
              "uuid": "773814e3-e365-4964-b9c0-74f1af1ceefa",
              "parentUUID": "4ae593b8-49fb-4e03-874a-fc2e04100df7",
              "isHook": false,
              "skipped": false
            },
            {
              "title": "Delete the order: undefined and check there are no active orders",
              "fullTitle": "Open Simple Book api url and test http requests GET, POST, PATCH and DELETE Delete the order: undefined and check there are no active orders",
              "timedOut": null,
              "duration": 0,
              "state": "pending",
              "speed": null,
              "pass": false,
              "fail": false,
              "pending": true,
              "context": null,
              "code": "",
              "err": {},
              "uuid": "ba2f0576-ef49-474d-a553-c50ddbafa888",
              "parentUUID": "4ae593b8-49fb-4e03-874a-fc2e04100df7",
              "isHook": false,
              "skipped": false
            }
          ],
          "suites": [],
          "passes": [
            "115e5b53-8b7d-4bb6-9209-8b88fb0b5f3b",
            "84313736-4d2a-4587-ae44-49d1ebd474cf",
            "f09a37c3-ffe8-499f-9f56-596bfc93b85a",
            "6e1698c2-733d-4480-9aac-197be48c7c12",
            "1356ab8c-86ac-4dac-9966-3bf59276c395"
          ],
          "failures": [],
          "pending": [
            "78c55753-6a86-4f6d-89f6-85bf10ca49ac",
            "91af301d-770f-43d3-b6f0-c6d54b85016a",
            "773814e3-e365-4964-b9c0-74f1af1ceefa",
            "ba2f0576-ef49-474d-a553-c50ddbafa888"
          ],
          "skipped": [],
          "duration": 2775,
          "root": false,
          "rootEmpty": false,
          "_timeout": 2000
        }
      ],
      "passes": [],
      "failures": [],
      "pending": [],
      "skipped": [],
      "duration": 0,
      "root": true,
      "rootEmpty": true,
      "_timeout": 2000
    }
  ],
  "meta": {
    "mocha": {
      "version": "7.0.1"
    },
    "mochawesome": {
      "options": {
        "quiet": false,
        "reportFilename": "mochawesome",
        "saveHtml": false,
        "saveJson": true,
        "consoleReporter": "spec",
        "useInlineDiffs": false,
        "code": true
      },
      "version": "7.1.3"
    },
    "marge": {
      "options": {
        "reportDir": "cypress/results",
        "overwrite": false,
        "html": false,
        "json": true
      },
      "version": "6.2.0"
    }
  }
}