{
  "stats": {
    "suites": 1,
    "tests": 5,
    "passes": 5,
    "pending": 0,
    "failures": 0,
    "start": "2022-09-02T16:22:47.866Z",
    "end": "2022-09-02T16:23:08.231Z",
    "duration": 20365,
    "testsRegistered": 5,
    "passPercent": 100,
    "pendingPercent": 0,
    "other": 0,
    "hasOther": false,
    "skipped": 0,
    "hasSkipped": false
  },
  "results": [
    {
      "uuid": "d9f05ead-98cd-4ed5-a417-27a2c58739b1",
      "title": "",
      "fullFile": "cypress\\e2e\\wikipedia.cy.js",
      "file": "cypress\\e2e\\wikipedia.cy.js",
      "beforeHooks": [],
      "afterHooks": [],
      "tests": [],
      "suites": [
        {
          "uuid": "dd9acfc6-b42f-4792-8757-a671e76ffe29",
          "title": "Opens wikipedia website and search for Estación de Atocha-Cercanías page",
          "fullFile": "",
          "file": "",
          "beforeHooks": [],
          "afterHooks": [],
          "tests": [
            {
              "title": "Opens wikipedia website and check the language is Spanish",
              "fullTitle": "Opens wikipedia website and search for Estación de Atocha-Cercanías page Opens wikipedia website and check the language is Spanish",
              "timedOut": null,
              "duration": 2842,
              "state": "passed",
              "speed": "fast",
              "pass": true,
              "fail": false,
              "pending": false,
              "context": null,
              "code": "cy.visit('https://www.wikipedia.org/');\ncy.contains('Español');\ncy.get('#js-link-box-es').click();",
              "err": {},
              "uuid": "e77eba61-ae88-4384-99f6-607e95ff3112",
              "parentUUID": "dd9acfc6-b42f-4792-8757-a671e76ffe29",
              "isHook": false,
              "skipped": false
            },
            {
              "title": "Searches text \"atocha\" in Spanish Wikipedia",
              "fullTitle": "Opens wikipedia website and search for Estación de Atocha-Cercanías page Searches text \"atocha\" in Spanish Wikipedia",
              "timedOut": null,
              "duration": 1214,
              "state": "passed",
              "speed": "fast",
              "pass": true,
              "fail": false,
              "pending": false,
              "context": null,
              "code": "cy.get('#searchInput').type('atocha');\ncy.get('#searchButton').click();\ncy.url().should('include', 'https://es.wikipedia.org/wiki/Atocha');",
              "err": {},
              "uuid": "49627fc0-b94b-4f3b-9159-b7052aa09dcc",
              "parentUUID": "dd9acfc6-b42f-4792-8757-a671e76ffe29",
              "isHook": false,
              "skipped": false
            },
            {
              "title": "Selects \"Atocha-Cercanías\" link",
              "fullTitle": "Opens wikipedia website and search for Estación de Atocha-Cercanías page Selects \"Atocha-Cercanías\" link",
              "timedOut": null,
              "duration": 3645,
              "state": "passed",
              "speed": "fast",
              "pass": true,
              "fail": false,
              "pending": false,
              "context": null,
              "code": "cy.contains('Atocha');\ncy.get('a[title=\"Estación de Atocha-Cercanías\"]').eq(0).should('to.have.attr', 'href', '/wiki/Estaci%C3%B3n_de_Atocha-Cercan%C3%ADas').click({\n  multiple: true\n});",
              "err": {},
              "uuid": "7d573697-d99f-4f52-a6db-f2073634ef26",
              "parentUUID": "dd9acfc6-b42f-4792-8757-a671e76ffe29",
              "isHook": false,
              "skipped": false
            },
            {
              "title": "Check the image is present on the \"Atocha-Cercanias\" page",
              "fullTitle": "Opens wikipedia website and search for Estación de Atocha-Cercanías page Check the image is present on the \"Atocha-Cercanias\" page",
              "timedOut": null,
              "duration": 5570,
              "state": "passed",
              "speed": "medium",
              "pass": true,
              "fail": false,
              "pending": false,
              "context": null,
              "code": "cy.get('img[alt=\"Estación de Atocha (Madrid) 02.jpg\"]').should('be.visible');\ncy.screenshot('my-image');",
              "err": {},
              "uuid": "a9619525-ef4a-4ceb-847d-a6e4b0676361",
              "parentUUID": "dd9acfc6-b42f-4792-8757-a671e76ffe29",
              "isHook": false,
              "skipped": false
            },
            {
              "title": "Checks the presence and contain of Situacion ferrovialia list on the page",
              "fullTitle": "Opens wikipedia website and search for Estación de Atocha-Cercanías page Checks the presence and contain of Situacion ferrovialia list on the page",
              "timedOut": null,
              "duration": 4135,
              "state": "passed",
              "speed": "fast",
              "pass": true,
              "fail": false,
              "pending": false,
              "context": null,
              "code": "cy.get('#mw-content-text  ul:nth-child(7) > li').should('exist').eq(0).should('to.contain.text', 'punto kilométrico 0,0.');\ncy.get('#mw-content-text  ul:nth-child(7) > li').eq(1).should('to.have.descendants', 'a');\ncy.get('#mw-content-text  ul:nth-child(7) > li').eq(2).should('contain', ', punto kilométrico 7,5.');\ncy.screenshot('my-image1');",
              "err": {},
              "uuid": "3d76a8a9-47f2-43fa-a050-12115a6ecd45",
              "parentUUID": "dd9acfc6-b42f-4792-8757-a671e76ffe29",
              "isHook": false,
              "skipped": false
            }
          ],
          "suites": [],
          "passes": [
            "e77eba61-ae88-4384-99f6-607e95ff3112",
            "49627fc0-b94b-4f3b-9159-b7052aa09dcc",
            "7d573697-d99f-4f52-a6db-f2073634ef26",
            "a9619525-ef4a-4ceb-847d-a6e4b0676361",
            "3d76a8a9-47f2-43fa-a050-12115a6ecd45"
          ],
          "failures": [],
          "pending": [],
          "skipped": [],
          "duration": 17406,
          "root": false,
          "rootEmpty": false,
          "_timeout": 2000
        }
      ],
      "passes": [],
      "failures": [],
      "pending": [],
      "skipped": [],
      "duration": 0,
      "root": true,
      "rootEmpty": true,
      "_timeout": 2000
    }
  ],
  "meta": {
    "mocha": {
      "version": "7.0.1"
    },
    "mochawesome": {
      "options": {
        "quiet": false,
        "reportFilename": "mochawesome",
        "saveHtml": false,
        "saveJson": true,
        "consoleReporter": "spec",
        "useInlineDiffs": false,
        "code": true
      },
      "version": "7.1.3"
    },
    "marge": {
      "options": {
        "reportDir": "cypress/results",
        "overwrite": false,
        "html": false,
        "json": true
      },
      "version": "6.2.0"
    }
  }
}