{
  "stats": {
    "suites": 1,
    "tests": 3,
    "passes": 3,
    "pending": 0,
    "failures": 0,
    "start": "2022-09-01T20:08:34.395Z",
    "end": "2022-09-01T20:08:45.551Z",
    "duration": 11156,
    "testsRegistered": 3,
    "passPercent": 100,
    "pendingPercent": 0,
    "other": 0,
    "hasOther": false,
    "skipped": 0,
    "hasSkipped": false
  },
  "results": [
    {
      "uuid": "c1803418-0f2c-4b69-8186-e70f4cdb8dfb",
      "title": "",
      "fullFile": "cypress\\e2e\\testJsonPlaceHolderApi.cy.js",
      "file": "cypress\\e2e\\testJsonPlaceHolderApi.cy.js",
      "beforeHooks": [],
      "afterHooks": [],
      "tests": [],
      "suites": [
        {
          "uuid": "7591afa5-6e6f-4d17-b804-177bf8cb91fc",
          "title": "open api url and test",
          "fullFile": "",
          "file": "",
          "beforeHooks": [],
          "afterHooks": [],
          "tests": [
            {
              "title": "open api url and check response status code",
              "fullTitle": "open api url and test open api url and check response status code",
              "timedOut": null,
              "duration": 10575,
              "state": "passed",
              "speed": "slow",
              "pass": true,
              "fail": false,
              "pending": false,
              "context": null,
              "code": "cy.request('https://jsonplaceholder.typicode.com/todos').as('todoRequest').its('body').should('have.length', 200);\ncy.get('@todoRequest').then(response => {\n  expect(response.status).to.be.equal(200);\n  assert.isArray(response.body, 'Todos response is an array');\n});",
              "err": {},
              "uuid": "444ff625-af10-4ac0-b559-248de7648095",
              "parentUUID": "7591afa5-6e6f-4d17-b804-177bf8cb91fc",
              "isHook": false,
              "skipped": false
            },
            {
              "title": "Check post method status code",
              "fullTitle": "open api url and test Check post method status code",
              "timedOut": null,
              "duration": 86,
              "state": "passed",
              "speed": "fast",
              "pass": true,
              "fail": false,
              "pending": false,
              "context": null,
              "code": "cy.request('GET', 'https://jsonplaceholder.typicode.com/todos', {\n  title: \"eightdelectus aut autem\",\n  userId: 1\n}).as('todoRequest');\ncy.get('@todoRequest').then(response => {\n  expect(response.status).to.eq(200);\n});",
              "err": {},
              "uuid": "2d72e96f-9b34-47f3-9a83-93dcb25e2391",
              "parentUUID": "7591afa5-6e6f-4d17-b804-177bf8cb91fc",
              "isHook": false,
              "skipped": false
            },
            {
              "title": "Check post method status code",
              "fullTitle": "open api url and test Check post method status code",
              "timedOut": null,
              "duration": 411,
              "state": "passed",
              "speed": "fast",
              "pass": true,
              "fail": false,
              "pending": false,
              "context": null,
              "code": "cy.request('POST', 'https://jsonplaceholder.typicode.com/todos', {\n  userId: \"11\",\n  title: 'My title',\n  completed: true\n}).as('todoRequest'); // adds new Todo item by defining Todo name\ncy.get('@todoRequest').then(response => {\n  expect(response.status).to.eq(201);\n  cy.wrap(response.body).should('deep.include', {\n    userId: '11',\n    id: 201,\n    title: 'My title',\n    completed: true\n  });\n});",
              "err": {},
              "uuid": "7c32258c-0e4c-4894-882f-b289f7f7433d",
              "parentUUID": "7591afa5-6e6f-4d17-b804-177bf8cb91fc",
              "isHook": false,
              "skipped": false
            }
          ],
          "suites": [],
          "passes": [
            "444ff625-af10-4ac0-b559-248de7648095",
            "2d72e96f-9b34-47f3-9a83-93dcb25e2391",
            "7c32258c-0e4c-4894-882f-b289f7f7433d"
          ],
          "failures": [],
          "pending": [],
          "skipped": [],
          "duration": 11072,
          "root": false,
          "rootEmpty": false,
          "_timeout": 2000
        }
      ],
      "passes": [],
      "failures": [],
      "pending": [],
      "skipped": [],
      "duration": 0,
      "root": true,
      "rootEmpty": true,
      "_timeout": 2000
    }
  ],
  "meta": {
    "mocha": {
      "version": "7.0.1"
    },
    "mochawesome": {
      "options": {
        "quiet": false,
        "reportFilename": "mochawesome",
        "saveHtml": false,
        "saveJson": true,
        "consoleReporter": "spec",
        "useInlineDiffs": false,
        "code": true
      },
      "version": "7.1.3"
    },
    "marge": {
      "options": {
        "reportDir": "cypress/results",
        "overwrite": false,
        "html": false,
        "json": true
      },
      "version": "6.2.0"
    }
  }
}