{
  "stats": {
    "suites": 1,
    "tests": 3,
    "passes": 3,
    "pending": 0,
    "failures": 0,
    "start": "2022-08-21T18:35:47.132Z",
    "end": "2022-08-21T18:35:47.742Z",
    "duration": 610,
    "testsRegistered": 3,
    "passPercent": 100,
    "pendingPercent": 0,
    "other": 0,
    "hasOther": false,
    "skipped": 0,
    "hasSkipped": false
  },
  "results": [
    {
      "uuid": "f6faa51a-e229-4b7b-bf77-d8746539fa94",
      "title": "",
      "fullFile": "cypress\\e2e\\testJsonPlaceHolderApi.cy.js",
      "file": "cypress\\e2e\\testJsonPlaceHolderApi.cy.js",
      "beforeHooks": [],
      "afterHooks": [],
      "tests": [],
      "suites": [
        {
          "uuid": "f3ec1223-9fd6-4533-b6c0-cde86cdfced8",
          "title": "open api url and test",
          "fullFile": "",
          "file": "",
          "beforeHooks": [],
          "afterHooks": [],
          "tests": [
            {
              "title": "open api url and check response status code",
              "fullTitle": "open api url and test open api url and check response status code",
              "timedOut": null,
              "duration": 199,
              "state": "passed",
              "speed": "fast",
              "pass": true,
              "fail": false,
              "pending": false,
              "context": null,
              "code": "cy.request('https://jsonplaceholder.typicode.com/todos').as('todoRequest').its('body').should('have.length', 200);\ncy.get('@todoRequest').then(response => {\n  expect(response.status).to.be.equal(200);\n  assert.isArray(response.body, 'Todos response is an array');\n});",
              "err": {},
              "uuid": "3dcbb4ee-1b67-49d0-af92-73a1c3adea0c",
              "parentUUID": "f3ec1223-9fd6-4533-b6c0-cde86cdfced8",
              "isHook": false,
              "skipped": false
            },
            {
              "title": "Check post method status code",
              "fullTitle": "open api url and test Check post method status code",
              "timedOut": null,
              "duration": 95,
              "state": "passed",
              "speed": "fast",
              "pass": true,
              "fail": false,
              "pending": false,
              "context": null,
              "code": "cy.request('GET', 'https://jsonplaceholder.typicode.com/todos', {\n  title: \"eightdelectus aut autem\",\n  userId: 1\n}).as('todoRequest');\ncy.get('@todoRequest').then(response => {\n  expect(response.status).to.eq(200);\n});",
              "err": {},
              "uuid": "eacc2448-b0cc-48ab-ac5d-c5ad681bcaca",
              "parentUUID": "f3ec1223-9fd6-4533-b6c0-cde86cdfced8",
              "isHook": false,
              "skipped": false
            },
            {
              "title": "Check post method status code",
              "fullTitle": "open api url and test Check post method status code",
              "timedOut": null,
              "duration": 277,
              "state": "passed",
              "speed": "fast",
              "pass": true,
              "fail": false,
              "pending": false,
              "context": null,
              "code": "cy.request('POST', 'https://jsonplaceholder.typicode.com/todos', {\n  userId: \"11\",\n  title: 'My title',\n  completed: true\n}).as('todoRequest'); // adds new Todo item by defining Todo name\ncy.get('@todoRequest').then(response => {\n  expect(response.status).to.eq(201);\n  cy.wrap(response.body).should('deep.include', {\n    userId: '11',\n    id: 201,\n    title: 'My title',\n    completed: true\n  });\n});",
              "err": {},
              "uuid": "5ba81d19-5af8-416c-a54d-04216dd6a3ff",
              "parentUUID": "f3ec1223-9fd6-4533-b6c0-cde86cdfced8",
              "isHook": false,
              "skipped": false
            }
          ],
          "suites": [],
          "passes": [
            "3dcbb4ee-1b67-49d0-af92-73a1c3adea0c",
            "eacc2448-b0cc-48ab-ac5d-c5ad681bcaca",
            "5ba81d19-5af8-416c-a54d-04216dd6a3ff"
          ],
          "failures": [],
          "pending": [],
          "skipped": [],
          "duration": 571,
          "root": false,
          "rootEmpty": false,
          "_timeout": 2000
        }
      ],
      "passes": [],
      "failures": [],
      "pending": [],
      "skipped": [],
      "duration": 0,
      "root": true,
      "rootEmpty": true,
      "_timeout": 2000
    }
  ],
  "meta": {
    "mocha": {
      "version": "7.0.1"
    },
    "mochawesome": {
      "options": {
        "quiet": false,
        "reportFilename": "mochawesome",
        "saveHtml": false,
        "saveJson": true,
        "consoleReporter": "spec",
        "useInlineDiffs": false,
        "code": true
      },
      "version": "7.1.3"
    },
    "marge": {
      "options": {
        "reportDir": "cypress/results",
        "overwrite": false,
        "html": false,
        "json": true
      },
      "version": "6.2.0"
    }
  }
}