{
  "stats": {
    "suites": 1,
    "tests": 3,
    "passes": 3,
    "pending": 0,
    "failures": 0,
    "start": "2022-11-13T18:22:35.805Z",
    "end": "2022-11-13T18:22:46.719Z",
    "duration": 10914,
    "testsRegistered": 3,
    "passPercent": 100,
    "pendingPercent": 0,
    "other": 0,
    "hasOther": false,
    "skipped": 0,
    "hasSkipped": false
  },
  "results": [
    {
      "uuid": "8254228a-88fc-43b6-b087-025299666c68",
      "title": "",
      "fullFile": "cypress\\e2e\\api_intercept.cy.js",
      "file": "cypress\\e2e\\api_intercept.cy.js",
      "beforeHooks": [],
      "afterHooks": [],
      "tests": [],
      "suites": [
        {
          "uuid": "07fc6b24-4161-4e7d-8dea-646fdd18de9f",
          "title": "Intercept with cypress",
          "fullFile": "",
          "file": "",
          "beforeHooks": [],
          "afterHooks": [],
          "tests": [
            {
              "title": "Test api with simple intercept stubbing",
              "fullTitle": "Intercept with cypress Test api with simple intercept stubbing",
              "timedOut": null,
              "duration": 2918,
              "state": "passed",
              "speed": "fast",
              "pass": true,
              "fail": false,
              "pending": false,
              "context": null,
              "code": "cy.visit(\"https://jsonplaceholder.typicode.com/\");\ncy.intercept({\n  path: \"/posts\"\n}).as(\"posts\");\ncy.get(\"a\").contains(\"/posts\").click();\ncy.wait(\"@posts\").then(interObj => {\n  cy.log(JSON.stringify(interObj));\n  console.log(JSON.stringify(interObj));\n  expect(interObj.response.body).to.have.length(100);\n});",
              "err": {},
              "uuid": "2cfb2d13-7486-45fd-b830-ff653928d1b2",
              "parentUUID": "07fc6b24-4161-4e7d-8dea-646fdd18de9f",
              "isHook": false,
              "skipped": false
            },
            {
              "title": "Mocking with intercept test with static response",
              "fullTitle": "Intercept with cypress Mocking with intercept test with static response",
              "timedOut": null,
              "duration": 1701,
              "state": "passed",
              "speed": "fast",
              "pass": true,
              "fail": false,
              "pending": false,
              "context": null,
              "code": "cy.visit(\"https://jsonplaceholder.typicode.com/\");\ncy.intercept(\"GET\", \"/posts\", {\n  totalPost: 5,\n  name: \"automation\"\n}).as(\"posts\");\ncy.get(\"a\").contains(\"/posts\").click();\ncy.wait(\"@posts\");",
              "err": {},
              "uuid": "800554bf-78d6-448d-b0f8-0b9ff8e804cd",
              "parentUUID": "07fc6b24-4161-4e7d-8dea-646fdd18de9f",
              "isHook": false,
              "skipped": false
            },
            {
              "title": "Mocking with intercept test with dynamic fixture",
              "fullTitle": "Intercept with cypress Mocking with intercept test with dynamic fixture",
              "timedOut": null,
              "duration": 2206,
              "state": "passed",
              "speed": "fast",
              "pass": true,
              "fail": false,
              "pending": false,
              "context": null,
              "code": "cy.visit(\"https://jsonplaceholder.typicode.com/\");\ncy.intercept(\"GET\", \"/posts\", {\n  fixture: \"apiPostUser.json\"\n}).as(\"posts\");\ncy.get(\"a\").contains(\"/posts\").click();\ncy.wait(\"@posts\");",
              "err": {},
              "uuid": "7a1a463b-a016-43ae-b2c2-3b2673e9c654",
              "parentUUID": "07fc6b24-4161-4e7d-8dea-646fdd18de9f",
              "isHook": false,
              "skipped": false
            }
          ],
          "suites": [],
          "passes": [
            "2cfb2d13-7486-45fd-b830-ff653928d1b2",
            "800554bf-78d6-448d-b0f8-0b9ff8e804cd",
            "7a1a463b-a016-43ae-b2c2-3b2673e9c654"
          ],
          "failures": [],
          "pending": [],
          "skipped": [],
          "duration": 6825,
          "root": false,
          "rootEmpty": false,
          "_timeout": 2000
        }
      ],
      "passes": [],
      "failures": [],
      "pending": [],
      "skipped": [],
      "duration": 0,
      "root": true,
      "rootEmpty": true,
      "_timeout": 2000
    }
  ],
  "meta": {
    "mocha": {
      "version": "7.0.1"
    },
    "mochawesome": {
      "options": {
        "quiet": false,
        "reportFilename": "mochawesome",
        "saveHtml": false,
        "saveJson": true,
        "consoleReporter": "spec",
        "useInlineDiffs": false,
        "code": true
      },
      "version": "7.1.3"
    },
    "marge": {
      "options": {
        "reportDir": "cypress/results",
        "overwrite": false,
        "html": false,
        "json": true
      },
      "version": "6.2.0"
    }
  }
}