{
  "stats": {
    "suites": 1,
    "tests": 6,
    "passes": 6,
    "pending": 0,
    "failures": 0,
    "start": "2022-08-21T16:34:50.339Z",
    "end": "2022-08-21T16:35:55.523Z",
    "duration": 65184,
    "testsRegistered": 6,
    "passPercent": 100,
    "pendingPercent": 0,
    "other": 0,
    "hasOther": false,
    "skipped": 0,
    "hasSkipped": false
  },
  "results": [
    {
      "uuid": "393fb6cc-6074-42e4-a619-aac33f36a2e0",
      "title": "",
      "fullFile": "cypress\\e2e\\ebay.cy.js",
      "file": "cypress\\e2e\\ebay.cy.js",
      "beforeHooks": [],
      "afterHooks": [],
      "tests": [],
      "suites": [
        {
          "uuid": "1fc9356e-b848-48a4-830c-6db8596b7fb8",
          "title": "Opens ebay.es and searches for watches Suunto 9",
          "fullFile": "",
          "file": "",
          "beforeHooks": [],
          "afterHooks": [],
          "tests": [
            {
              "title": "Should open ebay.com",
              "fullTitle": "Opens ebay.es and searches for watches Suunto 9 Should open ebay.com",
              "timedOut": null,
              "duration": 4118,
              "state": "passed",
              "speed": "fast",
              "pass": true,
              "fail": false,
              "pending": false,
              "context": null,
              "code": "cy.visit('https://ebay.es');\ncy.title().should('eq', 'Comprar y Vender Electrónica, Moda, Móviles y mucho más | eBay');",
              "err": {},
              "uuid": "fd5e5e15-3d06-4928-9905-ad1de64e9c23",
              "parentUUID": "1fc9356e-b848-48a4-830c-6db8596b7fb8",
              "isHook": false,
              "skipped": false
            },
            {
              "title": "Should open \"Electronica\" link on ebay.com",
              "fullTitle": "Opens ebay.es and searches for watches Suunto 9 Should open \"Electronica\" link on ebay.com",
              "timedOut": null,
              "duration": 7043,
              "state": "passed",
              "speed": "medium",
              "pass": true,
              "fail": false,
              "pending": false,
              "context": null,
              "code": "cy.screenshot('Ebay');\ncy.get(\"#mainContent > div.hl-cat-nav > ul > li:nth-child(3) > a\").should('be.visible').click();",
              "err": {},
              "uuid": "952f7d9c-d971-427a-b60a-b7c9149561dc",
              "parentUUID": "1fc9356e-b848-48a4-830c-6db8596b7fb8",
              "isHook": false,
              "skipped": false
            },
            {
              "title": "Should open \"Relojes inteligentes\" link on ebay.com",
              "fullTitle": "Opens ebay.es and searches for watches Suunto 9 Should open \"Relojes inteligentes\" link on ebay.com",
              "timedOut": null,
              "duration": 5152,
              "state": "passed",
              "speed": "medium",
              "pass": true,
              "fail": false,
              "pending": false,
              "context": null,
              "code": "cy.screenshot('Ebay-Electroinca');\ncy.get(\"section.b-module.b-visualnav  a:nth-child(8)\").should('be.visible').click();",
              "err": {},
              "uuid": "0ba5a750-752e-4052-b457-0fa1ed339064",
              "parentUUID": "1fc9356e-b848-48a4-830c-6db8596b7fb8",
              "isHook": false,
              "skipped": false
            },
            {
              "title": "Should search for \"Suunto 9\" smartwatch on ebay.com",
              "fullTitle": "Opens ebay.es and searches for watches Suunto 9 Should search for \"Suunto 9\" smartwatch on ebay.com",
              "timedOut": null,
              "duration": 26856,
              "state": "passed",
              "speed": "slow",
              "pass": true,
              "fail": false,
              "pending": false,
              "context": null,
              "code": "cy.screenshot('Ebay-Electronica-Relojes');\ncy.url().should('include', '/b/Smartwatches/');\ncy.get('input.gh-tb.ui-autocomplete-input').type('Suunto 9');\ncy.get('#gh-btn').click();\ncy.screenshot('Suunto-9');\ncy.get(\"img[alt='Reloj deportivo - Suunto 9, Negro, Pulsómetro, Barómetro, 120 horas Autonomía']\").should('have.attr', 'src'); // cy.get('div.s-item__detail.s-item__detail--primary > span.s-item__price')\n//   .eq(1)\n//   .should('contain.text', '266,85 EUR')\ncy.get('#srp-river-results > ul > li:nth-child(1) > div > div.s-item__info.clearfix > a > h3').should('contain.text', 'Suunto 9');",
              "err": {},
              "uuid": "0f2409bc-a9ad-4312-9453-53089afffca7",
              "parentUUID": "1fc9356e-b848-48a4-830c-6db8596b7fb8",
              "isHook": false,
              "skipped": false
            },
            {
              "title": "Should search the \"Suunto 9 Negro\" smartwatch on ebay.com using checkbox",
              "fullTitle": "Opens ebay.es and searches for watches Suunto 9 Should search the \"Suunto 9 Negro\" smartwatch on ebay.com using checkbox",
              "timedOut": null,
              "duration": 3986,
              "state": "passed",
              "speed": "fast",
              "pass": true,
              "fail": false,
              "pending": false,
              "context": null,
              "code": "cy.get('input[aria-label=\"Negro\"]').should('exist').eq(0).check();",
              "err": {},
              "uuid": "9b88b1a3-1196-47a9-9186-640e6a5641e4",
              "parentUUID": "1fc9356e-b848-48a4-830c-6db8596b7fb8",
              "isHook": false,
              "skipped": false
            },
            {
              "title": "Should check the existense of \"Suunto 9 Negro\" smartwatch on ebay.com",
              "fullTitle": "Opens ebay.es and searches for watches Suunto 9 Should check the existense of \"Suunto 9 Negro\" smartwatch on ebay.com",
              "timedOut": null,
              "duration": 12239,
              "state": "passed",
              "speed": "slow",
              "pass": true,
              "fail": false,
              "pending": false,
              "context": null,
              "code": "// cy.get('div.s-item__detail.s-item__detail--primary > span.s-item__price')\n//   .eq(1)\n//   .should('have.text', '369,00 EUR')\ncy.screenshot('Suunto-9-Negro');\ncy.get(\"img[alt='Reloj deportivo - Suunto 9, Negro, Pulsómetro, Barómetro, 120 horas Autonomía']\").should('have.attr', 'src');\ncy.get('#srp-river-results > ul > li:nth-child(2) > div > div.s-item__info.clearfix > a > h3').should('contain.text', 'Reloj deportivo - Suunto 9');",
              "err": {},
              "uuid": "2ddc1e10-8300-430a-a433-0b976538ad0d",
              "parentUUID": "1fc9356e-b848-48a4-830c-6db8596b7fb8",
              "isHook": false,
              "skipped": false
            }
          ],
          "suites": [],
          "passes": [
            "fd5e5e15-3d06-4928-9905-ad1de64e9c23",
            "952f7d9c-d971-427a-b60a-b7c9149561dc",
            "0ba5a750-752e-4052-b457-0fa1ed339064",
            "0f2409bc-a9ad-4312-9453-53089afffca7",
            "9b88b1a3-1196-47a9-9186-640e6a5641e4",
            "2ddc1e10-8300-430a-a433-0b976538ad0d"
          ],
          "failures": [],
          "pending": [],
          "skipped": [],
          "duration": 59394,
          "root": false,
          "rootEmpty": false,
          "_timeout": 2000
        }
      ],
      "passes": [],
      "failures": [],
      "pending": [],
      "skipped": [],
      "duration": 0,
      "root": true,
      "rootEmpty": true,
      "_timeout": 2000
    }
  ],
  "meta": {
    "mocha": {
      "version": "7.0.1"
    },
    "mochawesome": {
      "options": {
        "quiet": false,
        "reportFilename": "mochawesome",
        "saveHtml": false,
        "saveJson": true,
        "consoleReporter": "spec",
        "useInlineDiffs": false,
        "code": true
      },
      "version": "7.1.3"
    },
    "marge": {
      "options": {
        "reportDir": "cypress/results",
        "overwrite": false,
        "html": false,
        "json": true
      },
      "version": "6.2.0"
    }
  }
}