{
  "stats": {
    "suites": 1,
    "tests": 3,
    "passes": 3,
    "pending": 0,
    "failures": 0,
    "start": "2022-08-21T16:36:21.314Z",
    "end": "2022-08-21T16:36:22.065Z",
    "duration": 751,
    "testsRegistered": 3,
    "passPercent": 100,
    "pendingPercent": 0,
    "other": 0,
    "hasOther": false,
    "skipped": 0,
    "hasSkipped": false
  },
  "results": [
    {
      "uuid": "fbf1ff7e-38f6-496c-979f-013974058d51",
      "title": "",
      "fullFile": "cypress\\e2e\\testJsonPlaceHolderApi.cy.js",
      "file": "cypress\\e2e\\testJsonPlaceHolderApi.cy.js",
      "beforeHooks": [],
      "afterHooks": [],
      "tests": [],
      "suites": [
        {
          "uuid": "af4977f0-235b-42a3-a61e-eb83f38966b6",
          "title": "open api url and test",
          "fullFile": "",
          "file": "",
          "beforeHooks": [],
          "afterHooks": [],
          "tests": [
            {
              "title": "open api url and check response status code",
              "fullTitle": "open api url and test open api url and check response status code",
              "timedOut": null,
              "duration": 327,
              "state": "passed",
              "speed": "fast",
              "pass": true,
              "fail": false,
              "pending": false,
              "context": null,
              "code": "cy.request('https://jsonplaceholder.typicode.com/todos').as('todoRequest').its('body').should('have.length', 200);\ncy.get('@todoRequest').then(response => {\n  expect(response.status).to.be.equal(200);\n  assert.isArray(response.body, 'Todos response is an array');\n});",
              "err": {},
              "uuid": "13a3c91e-db1f-469b-a635-1e59bfa312bb",
              "parentUUID": "af4977f0-235b-42a3-a61e-eb83f38966b6",
              "isHook": false,
              "skipped": false
            },
            {
              "title": "Check post method status code",
              "fullTitle": "open api url and test Check post method status code",
              "timedOut": null,
              "duration": 98,
              "state": "passed",
              "speed": "fast",
              "pass": true,
              "fail": false,
              "pending": false,
              "context": null,
              "code": "cy.request('GET', 'https://jsonplaceholder.typicode.com/todos', {\n  title: \"eightdelectus aut autem\",\n  userId: 1\n}).as('todoRequest');\ncy.get('@todoRequest').then(response => {\n  expect(response.status).to.eq(200);\n});",
              "err": {},
              "uuid": "1d30bf31-a95f-451f-bb06-1b1c34141869",
              "parentUUID": "af4977f0-235b-42a3-a61e-eb83f38966b6",
              "isHook": false,
              "skipped": false
            },
            {
              "title": "Check post method status code",
              "fullTitle": "open api url and test Check post method status code",
              "timedOut": null,
              "duration": 289,
              "state": "passed",
              "speed": "fast",
              "pass": true,
              "fail": false,
              "pending": false,
              "context": null,
              "code": "cy.request('POST', 'https://jsonplaceholder.typicode.com/todos', {\n  userId: \"11\",\n  title: 'My title',\n  completed: true\n}).as('todoRequest'); // adds new Todo item by defining Todo name\ncy.get('@todoRequest').then(response => {\n  expect(response.status).to.eq(201);\n  cy.wrap(response.body).should('deep.include', {\n    userId: '11',\n    id: 201,\n    title: 'My title',\n    completed: true\n  });\n});",
              "err": {},
              "uuid": "81957ec7-2cf1-4b42-a940-9c9d94871ace",
              "parentUUID": "af4977f0-235b-42a3-a61e-eb83f38966b6",
              "isHook": false,
              "skipped": false
            }
          ],
          "suites": [],
          "passes": [
            "13a3c91e-db1f-469b-a635-1e59bfa312bb",
            "1d30bf31-a95f-451f-bb06-1b1c34141869",
            "81957ec7-2cf1-4b42-a940-9c9d94871ace"
          ],
          "failures": [],
          "pending": [],
          "skipped": [],
          "duration": 714,
          "root": false,
          "rootEmpty": false,
          "_timeout": 2000
        }
      ],
      "passes": [],
      "failures": [],
      "pending": [],
      "skipped": [],
      "duration": 0,
      "root": true,
      "rootEmpty": true,
      "_timeout": 2000
    }
  ],
  "meta": {
    "mocha": {
      "version": "7.0.1"
    },
    "mochawesome": {
      "options": {
        "quiet": false,
        "reportFilename": "mochawesome",
        "saveHtml": false,
        "saveJson": true,
        "consoleReporter": "spec",
        "useInlineDiffs": false,
        "code": true
      },
      "version": "7.1.3"
    },
    "marge": {
      "options": {
        "reportDir": "cypress/results",
        "overwrite": false,
        "html": false,
        "json": true
      },
      "version": "6.2.0"
    }
  }
}